[2024-10-29T00:00:21.005+0000] {processor.py:161} INFO - Started process (PID=5346) to work on /opt/airflow/dags/helloWorld.py
[2024-10-29T00:00:21.172+0000] {logging_mixin.py:188} WARNING - --- Logging error ---
[2024-10-29T00:00:21.295+0000] {logging_mixin.py:188} WARNING - --- Logging error ---
[2024-10-29T00:00:21.425+0000] {logging_mixin.py:188} WARNING - --- Logging error ---
[2024-10-29T00:00:21.601+0000] {logging_mixin.py:188} WARNING - --- Logging error ---
[2024-10-29T00:00:21.670+0000] {logging_mixin.py:188} WARNING - --- Logging error ---
[2024-10-29T00:00:21.790+0000] {logging_mixin.py:188} WARNING - --- Logging error ---
[2024-10-29T00:00:21.923+0000] {logging_mixin.py:188} WARNING - --- Logging error ---
[2024-10-29T00:00:22.090+0000] {logging_mixin.py:188} WARNING - --- Logging error ---
[2024-10-29T00:00:22.142+0000] {logging_mixin.py:188} WARNING - --- Logging error ---
[2024-10-29T00:00:22.176+0000] {logging_mixin.py:188} WARNING - --- Logging error ---
[2024-10-29T00:00:22.310+0000] {logging_mixin.py:188} WARNING - --- Logging error ---
[2024-10-29T00:00:22.442+0000] {logging_mixin.py:188} WARNING - --- Logging error ---
[2024-10-29T00:00:22.504+0000] {logging_mixin.py:188} WARNING - --- Logging error ---
[2024-10-29T00:00:23.251+0000] {logging_mixin.py:188} WARNING - --- Logging error ---
[2024-10-29T00:00:23.388+0000] {logging_mixin.py:188} WARNING - --- Logging error ---
[2024-10-29T00:00:23.486+0000] {logging_mixin.py:188} WARNING - --- Logging error ---
[2024-10-29T00:00:23.667+0000] {logging_mixin.py:188} WARNING - --- Logging error ---
[2024-10-29T00:00:23.679+0000] {logging_mixin.py:188} WARNING - --- Logging error ---
[2024-10-29T00:00:23.718+0000] {logging_mixin.py:188} WARNING - --- Logging error ---
[2024-10-29T00:00:23.834+0000] {logging_mixin.py:188} WARNING - --- Logging error ---
[2024-10-29T00:00:23.919+0000] {logging_mixin.py:188} WARNING - --- Logging error ---
[2024-10-29T00:00:23.993+0000] {logging_mixin.py:188} WARNING - --- Logging error ---
[2024-10-29T00:00:24.110+0000] {logging_mixin.py:188} WARNING - --- Logging error ---
[2024-10-29T00:00:24.215+0000] {logging_mixin.py:188} WARNING - --- Logging error ---
[2024-10-29T00:00:24.330+0000] {logging_mixin.py:188} WARNING - --- Logging error ---
[2024-10-29T00:00:24.459+0000] {logging_mixin.py:188} WARNING - --- Logging error ---
[2024-10-29T00:00:24.552+0000] {logging_mixin.py:188} WARNING - --- Logging error ---
[2024-10-29T00:00:24.650+0000] {logging_mixin.py:188} WARNING - --- Logging error ---
[2024-10-29T00:00:24.813+0000] {logging_mixin.py:188} WARNING - --- Logging error ---
[2024-10-29T00:00:25.014+0000] {logging_mixin.py:188} WARNING - --- Logging error ---
[2024-10-29T00:00:25.139+0000] {logging_mixin.py:188} WARNING - --- Logging error ---
[2024-10-29T00:00:25.221+0000] {logging_mixin.py:188} WARNING - --- Logging error ---
[2024-10-29T00:00:25.294+0000] {logging_mixin.py:188} WARNING - --- Logging error ---
[2024-10-29T00:00:25.385+0000] {logging_mixin.py:188} WARNING - --- Logging error ---
[2024-10-29T00:00:25.590+0000] {logging_mixin.py:188} WARNING - --- Logging error ---
[2024-10-29T00:00:25.726+0000] {logging_mixin.py:188} WARNING - --- Logging error ---
[2024-10-29T00:00:25.821+0000] {logging_mixin.py:188} WARNING - --- Logging error ---
[2024-10-29T00:00:25.890+0000] {logging_mixin.py:188} WARNING - --- Logging error ---
[2024-10-29T00:00:25.956+0000] {logging_mixin.py:188} WARNING - --- Logging error ---
[2024-10-29T00:00:26.033+0000] {logging_mixin.py:188} WARNING - --- Logging error ---
[2024-10-29T00:00:26.108+0000] {logging_mixin.py:188} WARNING - --- Logging error ---
[2024-10-29T00:00:26.160+0000] {logging_mixin.py:188} WARNING - --- Logging error ---
[2024-10-29T00:00:26.216+0000] {logging_mixin.py:188} WARNING - --- Logging error ---
[2024-10-29T00:00:26.284+0000] {logging_mixin.py:188} WARNING - --- Logging error ---
[2024-10-29T00:00:26.342+0000] {logging_mixin.py:188} WARNING - --- Logging error ---
[2024-10-29T00:00:26.406+0000] {logging_mixin.py:188} WARNING - --- Logging error ---
[2024-10-29T00:00:28.070+0000] {processor.py:186} ERROR - Got an exception! Propagating...
Traceback (most recent call last):
  File "/usr/local/lib/python3.12/logging/__init__.py", line 1164, in emit
    self.flush()
  File "/usr/local/lib/python3.12/logging/__init__.py", line 1144, in flush
    self.stream.flush()
OSError: [Errno 28] No space left on device

During handling of the above exception, another exception occurred:

Traceback (most recent call last):
  File "/usr/local/lib/python3.12/logging/__init__.py", line 1164, in emit
    self.flush()
  File "/usr/local/lib/python3.12/logging/__init__.py", line 1144, in flush
    self.stream.flush()
OSError: [Errno 28] No space left on device

During handling of the above exception, another exception occurred:

Traceback (most recent call last):
  File "/usr/local/lib/python3.12/logging/__init__.py", line 1164, in emit
    self.flush()
  File "/usr/local/lib/python3.12/logging/__init__.py", line 1144, in flush
    self.stream.flush()
OSError: [Errno 28] No space left on device

During handling of the above exception, another exception occurred:

Traceback (most recent call last):
  File "/usr/local/lib/python3.12/logging/__init__.py", line 1164, in emit
    self.flush()
  File "/usr/local/lib/python3.12/logging/__init__.py", line 1144, in flush
    self.stream.flush()
OSError: [Errno 28] No space left on device

During handling of the above exception, another exception occurred:

Traceback (most recent call last):
  File "/usr/local/lib/python3.12/logging/__init__.py", line 1164, in emit
    self.flush()
  File "/usr/local/lib/python3.12/logging/__init__.py", line 1144, in flush
    self.stream.flush()
OSError: [Errno 28] No space left on device

During handling of the above exception, another exception occurred:

Traceback (most recent call last):
  File "/usr/local/lib/python3.12/logging/__init__.py", line 1164, in emit
    self.flush()
  File "/usr/local/lib/python3.12/logging/__init__.py", line 1144, in flush
    self.stream.flush()
OSError: [Errno 28] No space left on device

During handling of the above exception, another exception occurred:

Traceback (most recent call last):
  File "/usr/local/lib/python3.12/logging/__init__.py", line 1164, in emit
    self.flush()
  File "/usr/local/lib/python3.12/logging/__init__.py", line 1144, in flush
    self.stream.flush()
OSError: [Errno 28] No space left on device

During handling of the above exception, another exception occurred:

Traceback (most recent call last):
  File "/usr/local/lib/python3.12/logging/__init__.py", line 1164, in emit
    self.flush()
  File "/usr/local/lib/python3.12/logging/__init__.py", line 1144, in flush
    self.stream.flush()
OSError: [Errno 28] No space left on device

During handling of the above exception, another exception occurred:

Traceback (most recent call last):
  File "/usr/local/lib/python3.12/logging/__init__.py", line 1164, in emit
    self.flush()
  File "/usr/local/lib/python3.12/logging/__init__.py", line 1144, in flush
    self.stream.flush()
OSError: [Errno 28] No space left on device

During handling of the above exception, another exception occurred:

Traceback (most recent call last):
  File "/usr/local/lib/python3.12/logging/__init__.py", line 1164, in emit
    self.flush()
  File "/usr/local/lib/python3.12/logging/__init__.py", line 1144, in flush
    self.stream.flush()
OSError: [Errno 28] No space left on device

During handling of the above exception, another exception occurred:

Traceback (most recent call last):
  File "/usr/local/lib/python3.12/logging/__init__.py", line 1164, in emit
    self.flush()
  File "/usr/local/lib/python3.12/logging/__init__.py", line 1144, in flush
    self.stream.flush()
OSError: [Errno 28] No space left on device

During handling of the above exception, another exception occurred:

Traceback (most recent call last):
  File "/usr/local/lib/python3.12/logging/__init__.py", line 1164, in emit
    self.flush()
  File "/usr/local/lib/python3.12/logging/__init__.py", line 1144, in flush
    self.stream.flush()
OSError: [Errno 28] No space left on device

During handling of the above exception, another exception occurred:

Traceback (most recent call last):
  File "/usr/local/lib/python3.12/logging/__init__.py", line 1164, in emit
    self.flush()
  File "/usr/local/lib/python3.12/logging/__init__.py", line 1144, in flush
    self.stream.flush()
OSError: [Errno 28] No space left on device

During handling of the above exception, another exception occurred:

Traceback (most recent call last):
  File "/usr/local/lib/python3.12/logging/__init__.py", line 1164, in emit
    self.flush()
  File "/usr/local/lib/python3.12/logging/__init__.py", line 1144, in flush
    self.stream.flush()
OSError: [Errno 28] No space left on device

During handling of the above exception, another exception occurred:

Traceback (most recent call last):
  File "/usr/local/lib/python3.12/logging/__init__.py", line 1164, in emit
    self.flush()
  File "/usr/local/lib/python3.12/logging/__init__.py", line 1144, in flush
    self.stream.flush()
OSError: [Errno 28] No space left on device

During handling of the above exception, another exception occurred:

Traceback (most recent call last):
  File "/usr/local/lib/python3.12/logging/__init__.py", line 1164, in emit
    self.flush()
  File "/usr/local/lib/python3.12/logging/__init__.py", line 1144, in flush
    self.stream.flush()
OSError: [Errno 28] No space left on device

During handling of the above exception, another exception occurred:

Traceback (most recent call last):
  File "/usr/local/lib/python3.12/logging/__init__.py", line 1164, in emit
    self.flush()
  File "/usr/local/lib/python3.12/logging/__init__.py", line 1144, in flush
    self.stream.flush()
OSError: [Errno 28] No space left on device

During handling of the above exception, another exception occurred:

Traceback (most recent call last):
  File "/usr/local/lib/python3.12/logging/__init__.py", line 1164, in emit
    self.flush()
  File "/usr/local/lib/python3.12/logging/__init__.py", line 1144, in flush
    self.stream.flush()
OSError: [Errno 28] No space left on device

During handling of the above exception, another exception occurred:

Traceback (most recent call last):
  File "/usr/local/lib/python3.12/logging/__init__.py", line 1164, in emit
    self.flush()
  File "/usr/local/lib/python3.12/logging/__init__.py", line 1144, in flush
    self.stream.flush()
OSError: [Errno 28] No space left on device

During handling of the above exception, another exception occurred:

Traceback (most recent call last):
  File "/usr/local/lib/python3.12/logging/__init__.py", line 1164, in emit
    self.flush()
  File "/usr/local/lib/python3.12/logging/__init__.py", line 1144, in flush
    self.stream.flush()
OSError: [Errno 28] No space left on device

During handling of the above exception, another exception occurred:

Traceback (most recent call last):
  File "/usr/local/lib/python3.12/logging/__init__.py", line 1164, in emit
    self.flush()
  File "/usr/local/lib/python3.12/logging/__init__.py", line 1144, in flush
    self.stream.flush()
OSError: [Errno 28] No space left on device

During handling of the above exception, another exception occurred:

Traceback (most recent call last):
  File "/usr/local/lib/python3.12/logging/__init__.py", line 1164, in emit
    self.flush()
  File "/usr/local/lib/python3.12/logging/__init__.py", line 1144, in flush
    self.stream.flush()
OSError: [Errno 28] No space left on device

During handling of the above exception, another exception occurred:

Traceback (most recent call last):
  File "/usr/local/lib/python3.12/logging/__init__.py", line 1164, in emit
    self.flush()
  File "/usr/local/lib/python3.12/logging/__init__.py", line 1144, in flush
    self.stream.flush()
OSError: [Errno 28] No space left on device

During handling of the above exception, another exception occurred:

Traceback (most recent call last):
  File "/usr/local/lib/python3.12/logging/__init__.py", line 1164, in emit
    self.flush()
  File "/usr/local/lib/python3.12/logging/__init__.py", line 1144, in flush
    self.stream.flush()
OSError: [Errno 28] No space left on device

During handling of the above exception, another exception occurred:

Traceback (most recent call last):
  File "/usr/local/lib/python3.12/logging/__init__.py", line 1164, in emit
    self.flush()
  File "/usr/local/lib/python3.12/logging/__init__.py", line 1144, in flush
    self.stream.flush()
OSError: [Errno 28] No space left on device

During handling of the above exception, another exception occurred:

Traceback (most recent call last):
  File "/usr/local/lib/python3.12/logging/__init__.py", line 1164, in emit
    self.flush()
  File "/usr/local/lib/python3.12/logging/__init__.py", line 1144, in flush
    self.stream.flush()
OSError: [Errno 28] No space left on device

During handling of the above exception, another exception occurred:

Traceback (most recent call last):
  File "/usr/local/lib/python3.12/logging/__init__.py", line 1164, in emit
    self.flush()
  File "/usr/local/lib/python3.12/logging/__init__.py", line 1144, in flush
    self.stream.flush()
OSError: [Errno 28] No space left on device

During handling of the above exception, another exception occurred:

Traceback (most recent call last):
  File "/usr/local/lib/python3.12/logging/__init__.py", line 1164, in emit
    self.flush()
  File "/usr/local/lib/python3.12/logging/__init__.py", line 1144, in flush
    self.stream.flush()
OSError: [Errno 28] No space left on device

During handling of the above exception, another exception occurred:

Traceback (most recent call last):
  File "/usr/local/lib/python3.12/logging/__init__.py", line 1164, in emit
    self.flush()
  File "/usr/local/lib/python3.12/logging/__init__.py", line 1144, in flush
    self.stream.flush()
OSError: [Errno 28] No space left on device

During handling of the above exception, another exception occurred:

Traceback (most recent call last):
  File "/usr/local/lib/python3.12/logging/__init__.py", line 1164, in emit
    self.flush()
  File "/usr/local/lib/python3.12/logging/__init__.py", line 1144, in flush
    self.stream.flush()
OSError: [Errno 28] No space left on device

During handling of the above exception, another exception occurred:

Traceback (most recent call last):
  File "/usr/local/lib/python3.12/logging/__init__.py", line 1164, in emit
    self.flush()
  File "/usr/local/lib/python3.12/logging/__init__.py", line 1144, in flush
    self.stream.flush()
OSError: [Errno 28] No space left on device

During handling of the above exception, another exception occurred:

Traceback (most recent call last):
  File "/usr/local/lib/python3.12/logging/__init__.py", line 1164, in emit
    self.flush()
  File "/usr/local/lib/python3.12/logging/__init__.py", line 1144, in flush
    self.stream.flush()
OSError: [Errno 28] No space left on device

During handling of the above exception, another exception occurred:

Traceback (most recent call last):
  File "/usr/local/lib/python3.12/logging/__init__.py", line 1164, in emit
    self.flush()
  File "/usr/local/lib/python3.12/logging/__init__.py", line 1144, in flush
    self.stream.flush()
OSError: [Errno 28] No space left on device

During handling of the above exception, another exception occurred:

Traceback (most recent call last):
  File "/usr/local/lib/python3.12/logging/__init__.py", line 1164, in emit
    self.flush()
  File "/usr/local/lib/python3.12/logging/__init__.py", line 1144, in flush
    self.stream.flush()
OSError: [Errno 28] No space left on device

During handling of the above exception, another exception occurred:

Traceback (most recent call last):
  File "/usr/local/lib/python3.12/logging/__init__.py", line 1164, in emit
    self.flush()
  File "/usr/local/lib/python3.12/logging/__init__.py", line 1144, in flush
    self.stream.flush()
OSError: [Errno 28] No space left on device

During handling of the above exception, another exception occurred:

Traceback (most recent call last):
  File "/usr/local/lib/python3.12/logging/__init__.py", line 1164, in emit
    self.flush()
  File "/usr/local/lib/python3.12/logging/__init__.py", line 1144, in flush
    self.stream.flush()
OSError: [Errno 28] No space left on device

During handling of the above exception, another exception occurred:

Traceback (most recent call last):
  File "/usr/local/lib/python3.12/logging/__init__.py", line 1164, in emit
    self.flush()
  File "/usr/local/lib/python3.12/logging/__init__.py", line 1144, in flush
    self.stream.flush()
OSError: [Errno 28] No space left on device

During handling of the above exception, another exception occurred:

Traceback (most recent call last):
  File "/usr/local/lib/python3.12/logging/__init__.py", line 1164, in emit
    self.flush()
  File "/usr/local/lib/python3.12/logging/__init__.py", line 1144, in flush
    self.stream.flush()
OSError: [Errno 28] No space left on device

During handling of the above exception, another exception occurred:

Traceback (most recent call last):
  File "/usr/local/lib/python3.12/logging/__init__.py", line 1164, in emit
    self.flush()
  File "/usr/local/lib/python3.12/logging/__init__.py", line 1144, in flush
    self.stream.flush()
OSError: [Errno 28] No space left on device

During handling of the above exception, another exception occurred:

Traceback (most recent call last):
  File "/usr/local/lib/python3.12/logging/__init__.py", line 1164, in emit
    self.flush()
  File "/usr/local/lib/python3.12/logging/__init__.py", line 1144, in flush
    self.stream.flush()
OSError: [Errno 28] No space left on device

During handling of the above exception, another exception occurred:

Traceback (most recent call last):
  File "/usr/local/lib/python3.12/logging/__init__.py", line 1164, in emit
    self.flush()
  File "/usr/local/lib/python3.12/logging/__init__.py", line 1144, in flush
    self.stream.flush()
OSError: [Errno 28] No space left on device

During handling of the above exception, another exception occurred:

Traceback (most recent call last):
  File "/usr/local/lib/python3.12/logging/__init__.py", line 1164, in emit
    self.flush()
  File "/usr/local/lib/python3.12/logging/__init__.py", line 1144, in flush
    self.stream.flush()
OSError: [Errno 28] No space left on device

During handling of the above exception, another exception occurred:

Traceback (most recent call last):
  File "/usr/local/lib/python3.12/logging/__init__.py", line 1164, in emit
    self.flush()
  File "/usr/local/lib/python3.12/logging/__init__.py", line 1144, in flush
    self.stream.flush()
OSError: [Errno 28] No space left on device

During handling of the above exception, another exception occurred:

Traceback (most recent call last):
  File "/usr/local/lib/python3.12/logging/__init__.py", line 1164, in emit
    self.flush()
  File "/usr/local/lib/python3.12/logging/__init__.py", line 1144, in flush
    self.stream.flush()
OSError: [Errno 28] No space left on device

During handling of the above exception, another exception occurred:

Traceback (most recent call last):
  File "/usr/local/lib/python3.12/logging/__init__.py", line 1164, in emit
    self.flush()
  File "/usr/local/lib/python3.12/logging/__init__.py", line 1144, in flush
    self.stream.flush()
OSError: [Errno 28] No space left on device

During handling of the above exception, another exception occurred:

Traceback (most recent call last):
  File "/usr/local/lib/python3.12/logging/__init__.py", line 1164, in emit
    self.flush()
  File "/usr/local/lib/python3.12/logging/__init__.py", line 1144, in flush
    self.stream.flush()
OSError: [Errno 28] No space left on device

During handling of the above exception, another exception occurred:

Traceback (most recent call last):
  File "/usr/local/lib/python3.12/logging/__init__.py", line 1164, in emit
    self.flush()
  File "/usr/local/lib/python3.12/logging/__init__.py", line 1144, in flush
    self.stream.flush()
OSError: [Errno 28] No space left on device

During handling of the above exception, another exception occurred:

Traceback (most recent call last):
  File "/usr/local/lib/python3.12/logging/__init__.py", line 1164, in emit
    self.flush()
  File "/usr/local/lib/python3.12/logging/__init__.py", line 1144, in flush
    self.stream.flush()
OSError: [Errno 28] No space left on device

During handling of the above exception, another exception occurred:

Traceback (most recent call last):
  File "/usr/local/lib/python3.12/logging/__init__.py", line 1164, in emit
    self.flush()
  File "/usr/local/lib/python3.12/logging/__init__.py", line 1144, in flush
    self.stream.flush()
OSError: [Errno 28] No space left on device

During handling of the above exception, another exception occurred:

Traceback (most recent call last):
  File "/usr/local/lib/python3.12/logging/__init__.py", line 1164, in emit
    self.flush()
  File "/usr/local/lib/python3.12/logging/__init__.py", line 1144, in flush
    self.stream.flush()
OSError: [Errno 28] No space left on device

During handling of the above exception, another exception occurred:

Traceback (most recent call last):
  File "/usr/local/lib/python3.12/logging/__init__.py", line 1164, in emit
    self.flush()
  File "/usr/local/lib/python3.12/logging/__init__.py", line 1144, in flush
    self.stream.flush()
OSError: [Errno 28] No space left on device

During handling of the above exception, another exception occurred:

Traceback (most recent call last):
  File "/usr/local/lib/python3.12/logging/__init__.py", line 1164, in emit
    self.flush()
  File "/usr/local/lib/python3.12/logging/__init__.py", line 1144, in flush
    self.stream.flush()
OSError: [Errno 28] No space left on device

During handling of the above exception, another exception occurred:

Traceback (most recent call last):
  File "/usr/local/lib/python3.12/logging/__init__.py", line 1164, in emit
    self.flush()
  File "/usr/local/lib/python3.12/logging/__init__.py", line 1144, in flush
    self.stream.flush()
OSError: [Errno 28] No space left on device

During handling of the above exception, another exception occurred:

Traceback (most recent call last):
  File "/usr/local/lib/python3.12/logging/__init__.py", line 1164, in emit
    self.flush()
  File "/usr/local/lib/python3.12/logging/__init__.py", line 1144, in flush
    self.stream.flush()
OSError: [Errno 28] No space left on device

During handling of the above exception, another exception occurred:

Traceback (most recent call last):
  File "/usr/local/lib/python3.12/logging/__init__.py", line 1164, in emit
    self.flush()
  File "/usr/local/lib/python3.12/logging/__init__.py", line 1144, in flush
    self.stream.flush()
OSError: [Errno 28] No space left on device

During handling of the above exception, another exception occurred:

Traceback (most recent call last):
  File "/usr/local/lib/python3.12/logging/__init__.py", line 1164, in emit
    self.flush()
  File "/usr/local/lib/python3.12/logging/__init__.py", line 1144, in flush
    self.stream.flush()
OSError: [Errno 28] No space left on device

During handling of the above exception, another exception occurred:

Traceback (most recent call last):
  File "/usr/local/lib/python3.12/logging/__init__.py", line 1164, in emit
    self.flush()
  File "/usr/local/lib/python3.12/logging/__init__.py", line 1144, in flush
    self.stream.flush()
OSError: [Errno 28] No space left on device

During handling of the above exception, another exception occurred:

Traceback (most recent call last):
  File "/usr/local/lib/python3.12/logging/__init__.py", line 1164, in emit
    self.flush()
  File "/usr/local/lib/python3.12/logging/__init__.py", line 1144, in flush
    self.stream.flush()
OSError: [Errno 28] No space left on device

During handling of the above exception, another exception occurred:

Traceback (most recent call last):
  File "/usr/local/lib/python3.12/logging/__init__.py", line 1164, in emit
    self.flush()
  File "/usr/local/lib/python3.12/logging/__init__.py", line 1144, in flush
    self.stream.flush()
OSError: [Errno 28] No space left on device

During handling of the above exception, another exception occurred:

Traceback (most recent call last):
  File "/usr/local/lib/python3.12/logging/__init__.py", line 1164, in emit
    self.flush()
  File "/usr/local/lib/python3.12/logging/__init__.py", line 1144, in flush
    self.stream.flush()
OSError: [Errno 28] No space left on device

During handling of the above exception, another exception occurred:

Traceback (most recent call last):
  File "/usr/local/lib/python3.12/logging/__init__.py", line 1164, in emit
    self.flush()
  File "/usr/local/lib/python3.12/logging/__init__.py", line 1144, in flush
    self.stream.flush()
OSError: [Errno 28] No space left on device

During handling of the above exception, another exception occurred:

Traceback (most recent call last):
  File "/usr/local/lib/python3.12/logging/__init__.py", line 1164, in emit
    self.flush()
  File "/usr/local/lib/python3.12/logging/__init__.py", line 1144, in flush
    self.stream.flush()
OSError: [Errno 28] No space left on device

During handling of the above exception, another exception occurred:

Traceback (most recent call last):
  File "/usr/local/lib/python3.12/logging/__init__.py", line 1164, in emit
    self.flush()
  File "/usr/local/lib/python3.12/logging/__init__.py", line 1144, in flush
    self.stream.flush()
OSError: [Errno 28] No space left on device

During handling of the above exception, another exception occurred:

Traceback (most recent call last):
  File "/usr/local/lib/python3.12/logging/__init__.py", line 1164, in emit
    self.flush()
  File "/usr/local/lib/python3.12/logging/__init__.py", line 1144, in flush
    self.stream.flush()
OSError: [Errno 28] No space left on device

During handling of the above exception, another exception occurred:

Traceback (most recent call last):
  File "/usr/local/lib/python3.12/logging/__init__.py", line 1164, in emit
    self.flush()
  File "/usr/local/lib/python3.12/logging/__init__.py", line 1144, in flush
    self.stream.flush()
OSError: [Errno 28] No space left on device

During handling of the above exception, another exception occurred:

Traceback (most recent call last):
  File "/usr/local/lib/python3.12/logging/__init__.py", line 1164, in emit
    self.flush()
  File "/usr/local/lib/python3.12/logging/__init__.py", line 1144, in flush
    self.stream.flush()
OSError: [Errno 28] No space left on device

During handling of the above exception, another exception occurred:

Traceback (most recent call last):
  File "/usr/local/lib/python3.12/logging/__init__.py", line 1164, in emit
    self.flush()
  File "/usr/local/lib/python3.12/logging/__init__.py", line 1144, in flush
    self.stream.flush()
OSError: [Errno 28] No space left on device

During handling of the above exception, another exception occurred:

Traceback (most recent call last):
  File "/usr/local/lib/python3.12/logging/__init__.py", line 1164, in emit
    self.flush()
  File "/usr/local/lib/python3.12/logging/__init__.py", line 1144, in flush
    self.stream.flush()
OSError: [Errno 28] No space left on device

During handling of the above exception, another exception occurred:

Traceback (most recent call last):
  File "/usr/local/lib/python3.12/logging/__init__.py", line 1164, in emit
    self.flush()
  File "/usr/local/lib/python3.12/logging/__init__.py", line 1144, in flush
    self.stream.flush()
OSError: [Errno 28] No space left on device

During handling of the above exception, another exception occurred:

Traceback (most recent call last):
  File "/usr/local/lib/python3.12/logging/__init__.py", line 1164, in emit
    self.flush()
  File "/usr/local/lib/python3.12/logging/__init__.py", line 1144, in flush
    self.stream.flush()
OSError: [Errno 28] No space left on device

During handling of the above exception, another exception occurred:

Traceback (most recent call last):
  File "/usr/local/lib/python3.12/logging/__init__.py", line 1164, in emit
    self.flush()
  File "/usr/local/lib/python3.12/logging/__init__.py", line 1144, in flush
    self.stream.flush()
OSError: [Errno 28] No space left on device

During handling of the above exception, another exception occurred:

Traceback (most recent call last):
  File "/usr/local/lib/python3.12/logging/__init__.py", line 1164, in emit
    self.flush()
  File "/usr/local/lib/python3.12/logging/__init__.py", line 1144, in flush
    self.stream.flush()
OSError: [Errno 28] No space left on device

During handling of the above exception, another exception occurred:

Traceback (most recent call last):
  File "/usr/local/lib/python3.12/logging/__init__.py", line 1164, in emit
    self.flush()
  File "/usr/local/lib/python3.12/logging/__init__.py", line 1144, in flush
    self.stream.flush()
OSError: [Errno 28] No space left on device

During handling of the above exception, another exception occurred:

Traceback (most recent call last):
  File "/usr/local/lib/python3.12/logging/__init__.py", line 1164, in emit
    self.flush()
  File "/usr/local/lib/python3.12/logging/__init__.py", line 1144, in flush
    self.stream.flush()
OSError: [Errno 28] No space left on device

During handling of the above exception, another exception occurred:

Traceback (most recent call last):
  File "/usr/local/lib/python3.12/logging/__init__.py", line 1164, in emit
    self.flush()
  File "/usr/local/lib/python3.12/logging/__init__.py", line 1144, in flush
    self.stream.flush()
OSError: [Errno 28] No space left on device

During handling of the above exception, another exception occurred:

Traceback (most recent call last):
  File "/usr/local/lib/python3.12/logging/__init__.py", line 1164, in emit
    self.flush()
  File "/usr/local/lib/python3.12/logging/__init__.py", line 1144, in flush
    self.stream.flush()
OSError: [Errno 28] No space left on device

During handling of the above exception, another exception occurred:

Traceback (most recent call last):
  File "/usr/local/lib/python3.12/logging/__init__.py", line 1164, in emit
    self.flush()
  File "/usr/local/lib/python3.12/logging/__init__.py", line 1144, in flush
    self.stream.flush()
OSError: [Errno 28] No space left on device

During handling of the above exception, another exception occurred:

Traceback (most recent call last):
  File "/usr/local/lib/python3.12/logging/__init__.py", line 1164, in emit
    self.flush()
  File "/usr/local/lib/python3.12/logging/__init__.py", line 1144, in flush
    self.stream.flush()
OSError: [Errno 28] No space left on device

During handling of the above exception, another exception occurred:

Traceback (most recent call last):
  File "/usr/local/lib/python3.12/logging/__init__.py", line 1164, in emit
    self.flush()
  File "/usr/local/lib/python3.12/logging/__init__.py", line 1144, in flush
    self.stream.flush()
OSError: [Errno 28] No space left on device

During handling of the above exception, another exception occurred:

Traceback (most recent call last):
  File "/home/airflow/.local/lib/python3.12/site-packages/airflow/dag_processing/processor.py", line 182, in _run_file_processor
    _handle_dag_file_processing()
  File "/home/airflow/.local/lib/python3.12/site-packages/airflow/dag_processing/processor.py", line 161, in _handle_dag_file_processing
    log.info("Started process (PID=%s) to work on %s", os.getpid(), file_path)
  File "/usr/local/lib/python3.12/logging/__init__.py", line 1539, in info
    self._log(INFO, msg, args, **kwargs)
  File "/usr/local/lib/python3.12/logging/__init__.py", line 1684, in _log
    self.handle(record)
  File "/usr/local/lib/python3.12/logging/__init__.py", line 1700, in handle
    self.callHandlers(record)
  File "/usr/local/lib/python3.12/logging/__init__.py", line 1762, in callHandlers
    hdlr.handle(record)
  File "/usr/local/lib/python3.12/logging/__init__.py", line 1028, in handle
    self.emit(record)
  File "/home/airflow/.local/lib/python3.12/site-packages/airflow/utils/log/file_processor_handler.py", line 76, in emit
    self.handler.emit(record)
  File "/usr/local/lib/python3.12/logging/__init__.py", line 1280, in emit
    StreamHandler.emit(self, record)
  File "/usr/local/lib/python3.12/logging/__init__.py", line 1168, in emit
    self.handleError(record)
  File "/usr/local/lib/python3.12/logging/__init__.py", line 1081, in handleError
    sys.stderr.write('--- Logging error ---\n')
  File "/home/airflow/.local/lib/python3.12/site-packages/airflow/utils/log/logging_mixin.py", line 200, in write
    self.flush()
  File "/home/airflow/.local/lib/python3.12/site-packages/airflow/utils/log/logging_mixin.py", line 207, in flush
    self._propagate_log(buf)
  File "/home/airflow/.local/lib/python3.12/site-packages/airflow/utils/log/logging_mixin.py", line 188, in _propagate_log
    self.logger.log(self.level, remove_escape_codes(message))
  File "/usr/local/lib/python3.12/logging/__init__.py", line 1609, in log
    self._log(level, msg, args, **kwargs)
  File "/usr/local/lib/python3.12/logging/__init__.py", line 1684, in _log
    self.handle(record)
  File "/usr/local/lib/python3.12/logging/__init__.py", line 1700, in handle
    self.callHandlers(record)
  File "/usr/local/lib/python3.12/logging/__init__.py", line 1762, in callHandlers
    hdlr.handle(record)
  File "/usr/local/lib/python3.12/logging/__init__.py", line 1028, in handle
    self.emit(record)
  File "/home/airflow/.local/lib/python3.12/site-packages/airflow/utils/log/file_processor_handler.py", line 76, in emit
    self.handler.emit(record)
  File "/usr/local/lib/python3.12/logging/__init__.py", line 1280, in emit
    StreamHandler.emit(self, record)
  File "/usr/local/lib/python3.12/logging/__init__.py", line 1168, in emit
    self.handleError(record)
  File "/usr/local/lib/python3.12/logging/__init__.py", line 1081, in handleError
    sys.stderr.write('--- Logging error ---\n')
  File "/home/airflow/.local/lib/python3.12/site-packages/airflow/utils/log/logging_mixin.py", line 200, in write
    self.flush()
  File "/home/airflow/.local/lib/python3.12/site-packages/airflow/utils/log/logging_mixin.py", line 207, in flush
    self._propagate_log(buf)
  File "/home/airflow/.local/lib/python3.12/site-packages/airflow/utils/log/logging_mixin.py", line 188, in _propagate_log
    self.logger.log(self.level, remove_escape_codes(message))
  File "/usr/local/lib/python3.12/logging/__init__.py", line 1609, in log
    self._log(level, msg, args, **kwargs)
  File "/usr/local/lib/python3.12/logging/__init__.py", line 1684, in _log
    self.handle(record)
  File "/usr/local/lib/python3.12/logging/__init__.py", line 1700, in handle
    self.callHandlers(record)
  File "/usr/local/lib/python3.12/logging/__init__.py", line 1762, in callHandlers
    hdlr.handle(record)
  File "/usr/local/lib/python3.12/logging/__init__.py", line 1028, in handle
    self.emit(record)
  File "/home/airflow/.local/lib/python3.12/site-packages/airflow/utils/log/file_processor_handler.py", line 76, in emit
    self.handler.emit(record)
  File "/usr/local/lib/python3.12/logging/__init__.py", line 1280, in emit
    StreamHandler.emit(self, record)
  File "/usr/local/lib/python3.12/logging/__init__.py", line 1168, in emit
    self.handleError(record)
  File "/usr/local/lib/python3.12/logging/__init__.py", line 1081, in handleError
    sys.stderr.write('--- Logging error ---\n')
  File "/home/airflow/.local/lib/python3.12/site-packages/airflow/utils/log/logging_mixin.py", line 200, in write
    self.flush()
  File "/home/airflow/.local/lib/python3.12/site-packages/airflow/utils/log/logging_mixin.py", line 207, in flush
    self._propagate_log(buf)
  File "/home/airflow/.local/lib/python3.12/site-packages/airflow/utils/log/logging_mixin.py", line 188, in _propagate_log
    self.logger.log(self.level, remove_escape_codes(message))
  File "/usr/local/lib/python3.12/logging/__init__.py", line 1609, in log
    self._log(level, msg, args, **kwargs)
  File "/usr/local/lib/python3.12/logging/__init__.py", line 1684, in _log
    self.handle(record)
  File "/usr/local/lib/python3.12/logging/__init__.py", line 1700, in handle
    self.callHandlers(record)
  File "/usr/local/lib/python3.12/logging/__init__.py", line 1762, in callHandlers
    hdlr.handle(record)
  File "/usr/local/lib/python3.12/logging/__init__.py", line 1028, in handle
    self.emit(record)
  File "/home/airflow/.local/lib/python3.12/site-packages/airflow/utils/log/file_processor_handler.py", line 76, in emit
    self.handler.emit(record)
  File "/usr/local/lib/python3.12/logging/__init__.py", line 1280, in emit
    StreamHandler.emit(self, record)
  File "/usr/local/lib/python3.12/logging/__init__.py", line 1168, in emit
    self.handleError(record)
  File "/usr/local/lib/python3.12/logging/__init__.py", line 1081, in handleError
    sys.stderr.write('--- Logging error ---\n')
  File "/home/airflow/.local/lib/python3.12/site-packages/airflow/utils/log/logging_mixin.py", line 200, in write
    self.flush()
  File "/home/airflow/.local/lib/python3.12/site-packages/airflow/utils/log/logging_mixin.py", line 207, in flush
    self._propagate_log(buf)
  File "/home/airflow/.local/lib/python3.12/site-packages/airflow/utils/log/logging_mixin.py", line 188, in _propagate_log
    self.logger.log(self.level, remove_escape_codes(message))
  File "/usr/local/lib/python3.12/logging/__init__.py", line 1609, in log
    self._log(level, msg, args, **kwargs)
  File "/usr/local/lib/python3.12/logging/__init__.py", line 1684, in _log
    self.handle(record)
  File "/usr/local/lib/python3.12/logging/__init__.py", line 1700, in handle
    self.callHandlers(record)
  File "/usr/local/lib/python3.12/logging/__init__.py", line 1762, in callHandlers
    hdlr.handle(record)
  File "/usr/local/lib/python3.12/logging/__init__.py", line 1028, in handle
    self.emit(record)
  File "/home/airflow/.local/lib/python3.12/site-packages/airflow/utils/log/file_processor_handler.py", line 76, in emit
    self.handler.emit(record)
  File "/usr/local/lib/python3.12/logging/__init__.py", line 1280, in emit
    StreamHandler.emit(self, record)
  File "/usr/local/lib/python3.12/logging/__init__.py", line 1168, in emit
    self.handleError(record)
  File "/usr/local/lib/python3.12/logging/__init__.py", line 1081, in handleError
    sys.stderr.write('--- Logging error ---\n')
  File "/home/airflow/.local/lib/python3.12/site-packages/airflow/utils/log/logging_mixin.py", line 200, in write
    self.flush()
  File "/home/airflow/.local/lib/python3.12/site-packages/airflow/utils/log/logging_mixin.py", line 207, in flush
    self._propagate_log(buf)
  File "/home/airflow/.local/lib/python3.12/site-packages/airflow/utils/log/logging_mixin.py", line 188, in _propagate_log
    self.logger.log(self.level, remove_escape_codes(message))
  File "/usr/local/lib/python3.12/logging/__init__.py", line 1609, in log
    self._log(level, msg, args, **kwargs)
  File "/usr/local/lib/python3.12/logging/__init__.py", line 1684, in _log
    self.handle(record)
  File "/usr/local/lib/python3.12/logging/__init__.py", line 1700, in handle
    self.callHandlers(record)
  File "/usr/local/lib/python3.12/logging/__init__.py", line 1762, in callHandlers
    hdlr.handle(record)
  File "/usr/local/lib/python3.12/logging/__init__.py", line 1028, in handle
    self.emit(record)
  File "/home/airflow/.local/lib/python3.12/site-packages/airflow/utils/log/file_processor_handler.py", line 76, in emit
    self.handler.emit(record)
  File "/usr/local/lib/python3.12/logging/__init__.py", line 1280, in emit
    StreamHandler.emit(self, record)
  File "/usr/local/lib/python3.12/logging/__init__.py", line 1168, in emit
    self.handleError(record)
  File "/usr/local/lib/python3.12/logging/__init__.py", line 1081, in handleError
    sys.stderr.write('--- Logging error ---\n')
  File "/home/airflow/.local/lib/python3.12/site-packages/airflow/utils/log/logging_mixin.py", line 200, in write
    self.flush()
  File "/home/airflow/.local/lib/python3.12/site-packages/airflow/utils/log/logging_mixin.py", line 207, in flush
    self._propagate_log(buf)
  File "/home/airflow/.local/lib/python3.12/site-packages/airflow/utils/log/logging_mixin.py", line 188, in _propagate_log
    self.logger.log(self.level, remove_escape_codes(message))
  File "/usr/local/lib/python3.12/logging/__init__.py", line 1609, in log
    self._log(level, msg, args, **kwargs)
  File "/usr/local/lib/python3.12/logging/__init__.py", line 1684, in _log
    self.handle(record)
  File "/usr/local/lib/python3.12/logging/__init__.py", line 1700, in handle
    self.callHandlers(record)
  File "/usr/local/lib/python3.12/logging/__init__.py", line 1762, in callHandlers
    hdlr.handle(record)
  File "/usr/local/lib/python3.12/logging/__init__.py", line 1028, in handle
    self.emit(record)
  File "/home/airflow/.local/lib/python3.12/site-packages/airflow/utils/log/file_processor_handler.py", line 76, in emit
    self.handler.emit(record)
  File "/usr/local/lib/python3.12/logging/__init__.py", line 1280, in emit
    StreamHandler.emit(self, record)
  File "/usr/local/lib/python3.12/logging/__init__.py", line 1168, in emit
    self.handleError(record)
  File "/usr/local/lib/python3.12/logging/__init__.py", line 1081, in handleError
    sys.stderr.write('--- Logging error ---\n')
  File "/home/airflow/.local/lib/python3.12/site-packages/airflow/utils/log/logging_mixin.py", line 200, in write
    self.flush()
  File "/home/airflow/.local/lib/python3.12/site-packages/airflow/utils/log/logging_mixin.py", line 207, in flush
    self._propagate_log(buf)
  File "/home/airflow/.local/lib/python3.12/site-packages/airflow/utils/log/logging_mixin.py", line 188, in _propagate_log
    self.logger.log(self.level, remove_escape_codes(message))
  File "/usr/local/lib/python3.12/logging/__init__.py", line 1609, in log
    self._log(level, msg, args, **kwargs)
  File "/usr/local/lib/python3.12/logging/__init__.py", line 1684, in _log
    self.handle(record)
  File "/usr/local/lib/python3.12/logging/__init__.py", line 1700, in handle
    self.callHandlers(record)
  File "/usr/local/lib/python3.12/logging/__init__.py", line 1762, in callHandlers
    hdlr.handle(record)
  File "/usr/local/lib/python3.12/logging/__init__.py", line 1028, in handle
    self.emit(record)
  File "/home/airflow/.local/lib/python3.12/site-packages/airflow/utils/log/file_processor_handler.py", line 76, in emit
    self.handler.emit(record)
  File "/usr/local/lib/python3.12/logging/__init__.py", line 1280, in emit
    StreamHandler.emit(self, record)
  File "/usr/local/lib/python3.12/logging/__init__.py", line 1168, in emit
    self.handleError(record)
  File "/usr/local/lib/python3.12/logging/__init__.py", line 1081, in handleError
    sys.stderr.write('--- Logging error ---\n')
  File "/home/airflow/.local/lib/python3.12/site-packages/airflow/utils/log/logging_mixin.py", line 200, in write
    self.flush()
  File "/home/airflow/.local/lib/python3.12/site-packages/airflow/utils/log/logging_mixin.py", line 207, in flush
    self._propagate_log(buf)
  File "/home/airflow/.local/lib/python3.12/site-packages/airflow/utils/log/logging_mixin.py", line 188, in _propagate_log
    self.logger.log(self.level, remove_escape_codes(message))
  File "/usr/local/lib/python3.12/logging/__init__.py", line 1609, in log
    self._log(level, msg, args, **kwargs)
  File "/usr/local/lib/python3.12/logging/__init__.py", line 1684, in _log
    self.handle(record)
  File "/usr/local/lib/python3.12/logging/__init__.py", line 1700, in handle
    self.callHandlers(record)
  File "/usr/local/lib/python3.12/logging/__init__.py", line 1762, in callHandlers
    hdlr.handle(record)
  File "/usr/local/lib/python3.12/logging/__init__.py", line 1028, in handle
    self.emit(record)
  File "/home/airflow/.local/lib/python3.12/site-packages/airflow/utils/log/file_processor_handler.py", line 76, in emit
    self.handler.emit(record)
  File "/usr/local/lib/python3.12/logging/__init__.py", line 1280, in emit
    StreamHandler.emit(self, record)
  File "/usr/local/lib/python3.12/logging/__init__.py", line 1168, in emit
    self.handleError(record)
  File "/usr/local/lib/python3.12/logging/__init__.py", line 1081, in handleError
    sys.stderr.write('--- Logging error ---\n')
  File "/home/airflow/.local/lib/python3.12/site-packages/airflow/utils/log/logging_mixin.py", line 200, in write
    self.flush()
  File "/home/airflow/.local/lib/python3.12/site-packages/airflow/utils/log/logging_mixin.py", line 207, in flush
    self._propagate_log(buf)
  File "/home/airflow/.local/lib/python3.12/site-packages/airflow/utils/log/logging_mixin.py", line 188, in _propagate_log
    self.logger.log(self.level, remove_escape_codes(message))
  File "/usr/local/lib/python3.12/logging/__init__.py", line 1609, in log
    self._log(level, msg, args, **kwargs)
  File "/usr/local/lib/python3.12/logging/__init__.py", line 1684, in _log
    self.handle(record)
  File "/usr/local/lib/python3.12/logging/__init__.py", line 1700, in handle
    self.callHandlers(record)
  File "/usr/local/lib/python3.12/logging/__init__.py", line 1762, in callHandlers
    hdlr.handle(record)
  File "/usr/local/lib/python3.12/logging/__init__.py", line 1028, in handle
    self.emit(record)
  File "/home/airflow/.local/lib/python3.12/site-packages/airflow/utils/log/file_processor_handler.py", line 76, in emit
    self.handler.emit(record)
  File "/usr/local/lib/python3.12/logging/__init__.py", line 1280, in emit
    StreamHandler.emit(self, record)
  File "/usr/local/lib/python3.12/logging/__init__.py", line 1168, in emit
    self.handleError(record)
  File "/usr/local/lib/python3.12/logging/__init__.py", line 1081, in handleError
    sys.stderr.write('--- Logging error ---\n')
  File "/home/airflow/.local/lib/python3.12/site-packages/airflow/utils/log/logging_mixin.py", line 200, in write
    self.flush()
  File "/home/airflow/.local/lib/python3.12/site-packages/airflow/utils/log/logging_mixin.py", line 207, in flush
    self._propagate_log(buf)
  File "/home/airflow/.local/lib/python3.12/site-packages/airflow/utils/log/logging_mixin.py", line 188, in _propagate_log
    self.logger.log(self.level, remove_escape_codes(message))
  File "/usr/local/lib/python3.12/logging/__init__.py", line 1609, in log
    self._log(level, msg, args, **kwargs)
  File "/usr/local/lib/python3.12/logging/__init__.py", line 1684, in _log
    self.handle(record)
  File "/usr/local/lib/python3.12/logging/__init__.py", line 1700, in handle
    self.callHandlers(record)
  File "/usr/local/lib/python3.12/logging/__init__.py", line 1762, in callHandlers
    hdlr.handle(record)
  File "/usr/local/lib/python3.12/logging/__init__.py", line 1028, in handle
    self.emit(record)
  File "/home/airflow/.local/lib/python3.12/site-packages/airflow/utils/log/file_processor_handler.py", line 76, in emit
    self.handler.emit(record)
  File "/usr/local/lib/python3.12/logging/__init__.py", line 1280, in emit
    StreamHandler.emit(self, record)
  File "/usr/local/lib/python3.12/logging/__init__.py", line 1168, in emit
    self.handleError(record)
  File "/usr/local/lib/python3.12/logging/__init__.py", line 1081, in handleError
    sys.stderr.write('--- Logging error ---\n')
  File "/home/airflow/.local/lib/python3.12/site-packages/airflow/utils/log/logging_mixin.py", line 200, in write
    self.flush()
  File "/home/airflow/.local/lib/python3.12/site-packages/airflow/utils/log/logging_mixin.py", line 207, in flush
    self._propagate_log(buf)
  File "/home/airflow/.local/lib/python3.12/site-packages/airflow/utils/log/logging_mixin.py", line 188, in _propagate_log
    self.logger.log(self.level, remove_escape_codes(message))
  File "/usr/local/lib/python3.12/logging/__init__.py", line 1609, in log
    self._log(level, msg, args, **kwargs)
  File "/usr/local/lib/python3.12/logging/__init__.py", line 1684, in _log
    self.handle(record)
  File "/usr/local/lib/python3.12/logging/__init__.py", line 1700, in handle
    self.callHandlers(record)
  File "/usr/local/lib/python3.12/logging/__init__.py", line 1762, in callHandlers
    hdlr.handle(record)
  File "/usr/local/lib/python3.12/logging/__init__.py", line 1028, in handle
    self.emit(record)
  File "/home/airflow/.local/lib/python3.12/site-packages/airflow/utils/log/file_processor_handler.py", line 76, in emit
    self.handler.emit(record)
  File "/usr/local/lib/python3.12/logging/__init__.py", line 1280, in emit
    StreamHandler.emit(self, record)
  File "/usr/local/lib/python3.12/logging/__init__.py", line 1168, in emit
    self.handleError(record)
  File "/usr/local/lib/python3.12/logging/__init__.py", line 1081, in handleError
    sys.stderr.write('--- Logging error ---\n')
  File "/home/airflow/.local/lib/python3.12/site-packages/airflow/utils/log/logging_mixin.py", line 200, in write
    self.flush()
  File "/home/airflow/.local/lib/python3.12/site-packages/airflow/utils/log/logging_mixin.py", line 207, in flush
    self._propagate_log(buf)
  File "/home/airflow/.local/lib/python3.12/site-packages/airflow/utils/log/logging_mixin.py", line 188, in _propagate_log
    self.logger.log(self.level, remove_escape_codes(message))
  File "/usr/local/lib/python3.12/logging/__init__.py", line 1609, in log
    self._log(level, msg, args, **kwargs)
  File "/usr/local/lib/python3.12/logging/__init__.py", line 1684, in _log
    self.handle(record)
  File "/usr/local/lib/python3.12/logging/__init__.py", line 1700, in handle
    self.callHandlers(record)
  File "/usr/local/lib/python3.12/logging/__init__.py", line 1762, in callHandlers
    hdlr.handle(record)
  File "/usr/local/lib/python3.12/logging/__init__.py", line 1028, in handle
    self.emit(record)
  File "/home/airflow/.local/lib/python3.12/site-packages/airflow/utils/log/file_processor_handler.py", line 76, in emit
    self.handler.emit(record)
  File "/usr/local/lib/python3.12/logging/__init__.py", line 1280, in emit
    StreamHandler.emit(self, record)
  File "/usr/local/lib/python3.12/logging/__init__.py", line 1168, in emit
    self.handleError(record)
  File "/usr/local/lib/python3.12/logging/__init__.py", line 1081, in handleError
    sys.stderr.write('--- Logging error ---\n')
  File "/home/airflow/.local/lib/python3.12/site-packages/airflow/utils/log/logging_mixin.py", line 200, in write
    self.flush()
  File "/home/airflow/.local/lib/python3.12/site-packages/airflow/utils/log/logging_mixin.py", line 207, in flush
    self._propagate_log(buf)
  File "/home/airflow/.local/lib/python3.12/site-packages/airflow/utils/log/logging_mixin.py", line 188, in _propagate_log
    self.logger.log(self.level, remove_escape_codes(message))
  File "/usr/local/lib/python3.12/logging/__init__.py", line 1609, in log
    self._log(level, msg, args, **kwargs)
  File "/usr/local/lib/python3.12/logging/__init__.py", line 1684, in _log
    self.handle(record)
  File "/usr/local/lib/python3.12/logging/__init__.py", line 1700, in handle
    self.callHandlers(record)
  File "/usr/local/lib/python3.12/logging/__init__.py", line 1762, in callHandlers
    hdlr.handle(record)
  File "/usr/local/lib/python3.12/logging/__init__.py", line 1028, in handle
    self.emit(record)
  File "/home/airflow/.local/lib/python3.12/site-packages/airflow/utils/log/file_processor_handler.py", line 76, in emit
    self.handler.emit(record)
  File "/usr/local/lib/python3.12/logging/__init__.py", line 1280, in emit
    StreamHandler.emit(self, record)
  File "/usr/local/lib/python3.12/logging/__init__.py", line 1168, in emit
    self.handleError(record)
  File "/usr/local/lib/python3.12/logging/__init__.py", line 1081, in handleError
    sys.stderr.write('--- Logging error ---\n')
  File "/home/airflow/.local/lib/python3.12/site-packages/airflow/utils/log/logging_mixin.py", line 200, in write
    self.flush()
  File "/home/airflow/.local/lib/python3.12/site-packages/airflow/utils/log/logging_mixin.py", line 207, in flush
    self._propagate_log(buf)
  File "/home/airflow/.local/lib/python3.12/site-packages/airflow/utils/log/logging_mixin.py", line 188, in _propagate_log
    self.logger.log(self.level, remove_escape_codes(message))
  File "/usr/local/lib/python3.12/logging/__init__.py", line 1609, in log
    self._log(level, msg, args, **kwargs)
  File "/usr/local/lib/python3.12/logging/__init__.py", line 1684, in _log
    self.handle(record)
  File "/usr/local/lib/python3.12/logging/__init__.py", line 1700, in handle
    self.callHandlers(record)
  File "/usr/local/lib/python3.12/logging/__init__.py", line 1762, in callHandlers
    hdlr.handle(record)
  File "/usr/local/lib/python3.12/logging/__init__.py", line 1028, in handle
    self.emit(record)
  File "/home/airflow/.local/lib/python3.12/site-packages/airflow/utils/log/file_processor_handler.py", line 76, in emit
    self.handler.emit(record)
  File "/usr/local/lib/python3.12/logging/__init__.py", line 1280, in emit
    StreamHandler.emit(self, record)
  File "/usr/local/lib/python3.12/logging/__init__.py", line 1168, in emit
    self.handleError(record)
  File "/usr/local/lib/python3.12/logging/__init__.py", line 1081, in handleError
    sys.stderr.write('--- Logging error ---\n')
  File "/home/airflow/.local/lib/python3.12/site-packages/airflow/utils/log/logging_mixin.py", line 200, in write
    self.flush()
  File "/home/airflow/.local/lib/python3.12/site-packages/airflow/utils/log/logging_mixin.py", line 207, in flush
    self._propagate_log(buf)
  File "/home/airflow/.local/lib/python3.12/site-packages/airflow/utils/log/logging_mixin.py", line 188, in _propagate_log
    self.logger.log(self.level, remove_escape_codes(message))
  File "/usr/local/lib/python3.12/logging/__init__.py", line 1609, in log
    self._log(level, msg, args, **kwargs)
  File "/usr/local/lib/python3.12/logging/__init__.py", line 1684, in _log
    self.handle(record)
  File "/usr/local/lib/python3.12/logging/__init__.py", line 1700, in handle
    self.callHandlers(record)
  File "/usr/local/lib/python3.12/logging/__init__.py", line 1762, in callHandlers
    hdlr.handle(record)
  File "/usr/local/lib/python3.12/logging/__init__.py", line 1028, in handle
    self.emit(record)
  File "/home/airflow/.local/lib/python3.12/site-packages/airflow/utils/log/file_processor_handler.py", line 76, in emit
    self.handler.emit(record)
  File "/usr/local/lib/python3.12/logging/__init__.py", line 1280, in emit
    StreamHandler.emit(self, record)
  File "/usr/local/lib/python3.12/logging/__init__.py", line 1168, in emit
    self.handleError(record)
  File "/usr/local/lib/python3.12/logging/__init__.py", line 1081, in handleError
    sys.stderr.write('--- Logging error ---\n')
  File "/home/airflow/.local/lib/python3.12/site-packages/airflow/utils/log/logging_mixin.py", line 200, in write
    self.flush()
  File "/home/airflow/.local/lib/python3.12/site-packages/airflow/utils/log/logging_mixin.py", line 207, in flush
    self._propagate_log(buf)
  File "/home/airflow/.local/lib/python3.12/site-packages/airflow/utils/log/logging_mixin.py", line 188, in _propagate_log
    self.logger.log(self.level, remove_escape_codes(message))
  File "/usr/local/lib/python3.12/logging/__init__.py", line 1609, in log
    self._log(level, msg, args, **kwargs)
  File "/usr/local/lib/python3.12/logging/__init__.py", line 1684, in _log
    self.handle(record)
  File "/usr/local/lib/python3.12/logging/__init__.py", line 1700, in handle
    self.callHandlers(record)
  File "/usr/local/lib/python3.12/logging/__init__.py", line 1762, in callHandlers
    hdlr.handle(record)
  File "/usr/local/lib/python3.12/logging/__init__.py", line 1028, in handle
    self.emit(record)
  File "/home/airflow/.local/lib/python3.12/site-packages/airflow/utils/log/file_processor_handler.py", line 76, in emit
    self.handler.emit(record)
  File "/usr/local/lib/python3.12/logging/__init__.py", line 1280, in emit
    StreamHandler.emit(self, record)
  File "/usr/local/lib/python3.12/logging/__init__.py", line 1168, in emit
    self.handleError(record)
  File "/usr/local/lib/python3.12/logging/__init__.py", line 1081, in handleError
    sys.stderr.write('--- Logging error ---\n')
  File "/home/airflow/.local/lib/python3.12/site-packages/airflow/utils/log/logging_mixin.py", line 200, in write
    self.flush()
  File "/home/airflow/.local/lib/python3.12/site-packages/airflow/utils/log/logging_mixin.py", line 207, in flush
    self._propagate_log(buf)
  File "/home/airflow/.local/lib/python3.12/site-packages/airflow/utils/log/logging_mixin.py", line 188, in _propagate_log
    self.logger.log(self.level, remove_escape_codes(message))
  File "/usr/local/lib/python3.12/logging/__init__.py", line 1609, in log
    self._log(level, msg, args, **kwargs)
  File "/usr/local/lib/python3.12/logging/__init__.py", line 1684, in _log
    self.handle(record)
  File "/usr/local/lib/python3.12/logging/__init__.py", line 1700, in handle
    self.callHandlers(record)
  File "/usr/local/lib/python3.12/logging/__init__.py", line 1762, in callHandlers
    hdlr.handle(record)
  File "/usr/local/lib/python3.12/logging/__init__.py", line 1028, in handle
    self.emit(record)
  File "/home/airflow/.local/lib/python3.12/site-packages/airflow/utils/log/file_processor_handler.py", line 76, in emit
    self.handler.emit(record)
  File "/usr/local/lib/python3.12/logging/__init__.py", line 1280, in emit
    StreamHandler.emit(self, record)
  File "/usr/local/lib/python3.12/logging/__init__.py", line 1168, in emit
    self.handleError(record)
  File "/usr/local/lib/python3.12/logging/__init__.py", line 1081, in handleError
    sys.stderr.write('--- Logging error ---\n')
  File "/home/airflow/.local/lib/python3.12/site-packages/airflow/utils/log/logging_mixin.py", line 200, in write
    self.flush()
  File "/home/airflow/.local/lib/python3.12/site-packages/airflow/utils/log/logging_mixin.py", line 207, in flush
    self._propagate_log(buf)
  File "/home/airflow/.local/lib/python3.12/site-packages/airflow/utils/log/logging_mixin.py", line 188, in _propagate_log
    self.logger.log(self.level, remove_escape_codes(message))
  File "/usr/local/lib/python3.12/logging/__init__.py", line 1609, in log
    self._log(level, msg, args, **kwargs)
  File "/usr/local/lib/python3.12/logging/__init__.py", line 1684, in _log
    self.handle(record)
  File "/usr/local/lib/python3.12/logging/__init__.py", line 1700, in handle
    self.callHandlers(record)
  File "/usr/local/lib/python3.12/logging/__init__.py", line 1762, in callHandlers
    hdlr.handle(record)
  File "/usr/local/lib/python3.12/logging/__init__.py", line 1028, in handle
    self.emit(record)
  File "/home/airflow/.local/lib/python3.12/site-packages/airflow/utils/log/file_processor_handler.py", line 76, in emit
    self.handler.emit(record)
  File "/usr/local/lib/python3.12/logging/__init__.py", line 1280, in emit
    StreamHandler.emit(self, record)
  File "/usr/local/lib/python3.12/logging/__init__.py", line 1168, in emit
    self.handleError(record)
  File "/usr/local/lib/python3.12/logging/__init__.py", line 1081, in handleError
    sys.stderr.write('--- Logging error ---\n')
  File "/home/airflow/.local/lib/python3.12/site-packages/airflow/utils/log/logging_mixin.py", line 200, in write
    self.flush()
  File "/home/airflow/.local/lib/python3.12/site-packages/airflow/utils/log/logging_mixin.py", line 207, in flush
    self._propagate_log(buf)
  File "/home/airflow/.local/lib/python3.12/site-packages/airflow/utils/log/logging_mixin.py", line 188, in _propagate_log
    self.logger.log(self.level, remove_escape_codes(message))
  File "/usr/local/lib/python3.12/logging/__init__.py", line 1609, in log
    self._log(level, msg, args, **kwargs)
  File "/usr/local/lib/python3.12/logging/__init__.py", line 1684, in _log
    self.handle(record)
  File "/usr/local/lib/python3.12/logging/__init__.py", line 1700, in handle
    self.callHandlers(record)
  File "/usr/local/lib/python3.12/logging/__init__.py", line 1762, in callHandlers
    hdlr.handle(record)
  File "/usr/local/lib/python3.12/logging/__init__.py", line 1028, in handle
    self.emit(record)
  File "/home/airflow/.local/lib/python3.12/site-packages/airflow/utils/log/file_processor_handler.py", line 76, in emit
    self.handler.emit(record)
  File "/usr/local/lib/python3.12/logging/__init__.py", line 1280, in emit
    StreamHandler.emit(self, record)
  File "/usr/local/lib/python3.12/logging/__init__.py", line 1168, in emit
    self.handleError(record)
  File "/usr/local/lib/python3.12/logging/__init__.py", line 1081, in handleError
    sys.stderr.write('--- Logging error ---\n')
  File "/home/airflow/.local/lib/python3.12/site-packages/airflow/utils/log/logging_mixin.py", line 200, in write
    self.flush()
  File "/home/airflow/.local/lib/python3.12/site-packages/airflow/utils/log/logging_mixin.py", line 207, in flush
    self._propagate_log(buf)
  File "/home/airflow/.local/lib/python3.12/site-packages/airflow/utils/log/logging_mixin.py", line 188, in _propagate_log
    self.logger.log(self.level, remove_escape_codes(message))
  File "/usr/local/lib/python3.12/logging/__init__.py", line 1609, in log
    self._log(level, msg, args, **kwargs)
  File "/usr/local/lib/python3.12/logging/__init__.py", line 1684, in _log
    self.handle(record)
  File "/usr/local/lib/python3.12/logging/__init__.py", line 1700, in handle
    self.callHandlers(record)
  File "/usr/local/lib/python3.12/logging/__init__.py", line 1762, in callHandlers
    hdlr.handle(record)
  File "/usr/local/lib/python3.12/logging/__init__.py", line 1028, in handle
    self.emit(record)
  File "/home/airflow/.local/lib/python3.12/site-packages/airflow/utils/log/file_processor_handler.py", line 76, in emit
    self.handler.emit(record)
  File "/usr/local/lib/python3.12/logging/__init__.py", line 1280, in emit
    StreamHandler.emit(self, record)
  File "/usr/local/lib/python3.12/logging/__init__.py", line 1168, in emit
    self.handleError(record)
  File "/usr/local/lib/python3.12/logging/__init__.py", line 1081, in handleError
    sys.stderr.write('--- Logging error ---\n')
  File "/home/airflow/.local/lib/python3.12/site-packages/airflow/utils/log/logging_mixin.py", line 200, in write
    self.flush()
  File "/home/airflow/.local/lib/python3.12/site-packages/airflow/utils/log/logging_mixin.py", line 207, in flush
    self._propagate_log(buf)
  File "/home/airflow/.local/lib/python3.12/site-packages/airflow/utils/log/logging_mixin.py", line 188, in _propagate_log
    self.logger.log(self.level, remove_escape_codes(message))
  File "/usr/local/lib/python3.12/logging/__init__.py", line 1609, in log
    self._log(level, msg, args, **kwargs)
  File "/usr/local/lib/python3.12/logging/__init__.py", line 1684, in _log
    self.handle(record)
  File "/usr/local/lib/python3.12/logging/__init__.py", line 1700, in handle
    self.callHandlers(record)
  File "/usr/local/lib/python3.12/logging/__init__.py", line 1762, in callHandlers
    hdlr.handle(record)
  File "/usr/local/lib/python3.12/logging/__init__.py", line 1028, in handle
    self.emit(record)
  File "/home/airflow/.local/lib/python3.12/site-packages/airflow/utils/log/file_processor_handler.py", line 76, in emit
    self.handler.emit(record)
  File "/usr/local/lib/python3.12/logging/__init__.py", line 1280, in emit
    StreamHandler.emit(self, record)
  File "/usr/local/lib/python3.12/logging/__init__.py", line 1168, in emit
    self.handleError(record)
  File "/usr/local/lib/python3.12/logging/__init__.py", line 1081, in handleError
    sys.stderr.write('--- Logging error ---\n')
  File "/home/airflow/.local/lib/python3.12/site-packages/airflow/utils/log/logging_mixin.py", line 200, in write
    self.flush()
  File "/home/airflow/.local/lib/python3.12/site-packages/airflow/utils/log/logging_mixin.py", line 207, in flush
    self._propagate_log(buf)
  File "/home/airflow/.local/lib/python3.12/site-packages/airflow/utils/log/logging_mixin.py", line 188, in _propagate_log
    self.logger.log(self.level, remove_escape_codes(message))
  File "/usr/local/lib/python3.12/logging/__init__.py", line 1609, in log
    self._log(level, msg, args, **kwargs)
  File "/usr/local/lib/python3.12/logging/__init__.py", line 1684, in _log
    self.handle(record)
  File "/usr/local/lib/python3.12/logging/__init__.py", line 1700, in handle
    self.callHandlers(record)
  File "/usr/local/lib/python3.12/logging/__init__.py", line 1762, in callHandlers
    hdlr.handle(record)
  File "/usr/local/lib/python3.12/logging/__init__.py", line 1028, in handle
    self.emit(record)
  File "/home/airflow/.local/lib/python3.12/site-packages/airflow/utils/log/file_processor_handler.py", line 76, in emit
    self.handler.emit(record)
  File "/usr/local/lib/python3.12/logging/__init__.py", line 1280, in emit
    StreamHandler.emit(self, record)
  File "/usr/local/lib/python3.12/logging/__init__.py", line 1168, in emit
    self.handleError(record)
  File "/usr/local/lib/python3.12/logging/__init__.py", line 1081, in handleError
    sys.stderr.write('--- Logging error ---\n')
  File "/home/airflow/.local/lib/python3.12/site-packages/airflow/utils/log/logging_mixin.py", line 200, in write
    self.flush()
  File "/home/airflow/.local/lib/python3.12/site-packages/airflow/utils/log/logging_mixin.py", line 207, in flush
    self._propagate_log(buf)
  File "/home/airflow/.local/lib/python3.12/site-packages/airflow/utils/log/logging_mixin.py", line 188, in _propagate_log
    self.logger.log(self.level, remove_escape_codes(message))
  File "/usr/local/lib/python3.12/logging/__init__.py", line 1609, in log
    self._log(level, msg, args, **kwargs)
  File "/usr/local/lib/python3.12/logging/__init__.py", line 1684, in _log
    self.handle(record)
  File "/usr/local/lib/python3.12/logging/__init__.py", line 1700, in handle
    self.callHandlers(record)
  File "/usr/local/lib/python3.12/logging/__init__.py", line 1762, in callHandlers
    hdlr.handle(record)
  File "/usr/local/lib/python3.12/logging/__init__.py", line 1028, in handle
    self.emit(record)
  File "/home/airflow/.local/lib/python3.12/site-packages/airflow/utils/log/file_processor_handler.py", line 76, in emit
    self.handler.emit(record)
  File "/usr/local/lib/python3.12/logging/__init__.py", line 1280, in emit
    StreamHandler.emit(self, record)
  File "/usr/local/lib/python3.12/logging/__init__.py", line 1168, in emit
    self.handleError(record)
  File "/usr/local/lib/python3.12/logging/__init__.py", line 1081, in handleError
    sys.stderr.write('--- Logging error ---\n')
  File "/home/airflow/.local/lib/python3.12/site-packages/airflow/utils/log/logging_mixin.py", line 200, in write
    self.flush()
  File "/home/airflow/.local/lib/python3.12/site-packages/airflow/utils/log/logging_mixin.py", line 207, in flush
    self._propagate_log(buf)
  File "/home/airflow/.local/lib/python3.12/site-packages/airflow/utils/log/logging_mixin.py", line 188, in _propagate_log
    self.logger.log(self.level, remove_escape_codes(message))
  File "/usr/local/lib/python3.12/logging/__init__.py", line 1609, in log
    self._log(level, msg, args, **kwargs)
  File "/usr/local/lib/python3.12/logging/__init__.py", line 1684, in _log
    self.handle(record)
  File "/usr/local/lib/python3.12/logging/__init__.py", line 1700, in handle
    self.callHandlers(record)
  File "/usr/local/lib/python3.12/logging/__init__.py", line 1762, in callHandlers
    hdlr.handle(record)
  File "/usr/local/lib/python3.12/logging/__init__.py", line 1028, in handle
    self.emit(record)
  File "/home/airflow/.local/lib/python3.12/site-packages/airflow/utils/log/file_processor_handler.py", line 76, in emit
    self.handler.emit(record)
  File "/usr/local/lib/python3.12/logging/__init__.py", line 1280, in emit
    StreamHandler.emit(self, record)
  File "/usr/local/lib/python3.12/logging/__init__.py", line 1168, in emit
    self.handleError(record)
  File "/usr/local/lib/python3.12/logging/__init__.py", line 1081, in handleError
    sys.stderr.write('--- Logging error ---\n')
  File "/home/airflow/.local/lib/python3.12/site-packages/airflow/utils/log/logging_mixin.py", line 200, in write
    self.flush()
  File "/home/airflow/.local/lib/python3.12/site-packages/airflow/utils/log/logging_mixin.py", line 207, in flush
    self._propagate_log(buf)
  File "/home/airflow/.local/lib/python3.12/site-packages/airflow/utils/log/logging_mixin.py", line 188, in _propagate_log
    self.logger.log(self.level, remove_escape_codes(message))
  File "/usr/local/lib/python3.12/logging/__init__.py", line 1609, in log
    self._log(level, msg, args, **kwargs)
  File "/usr/local/lib/python3.12/logging/__init__.py", line 1684, in _log
    self.handle(record)
  File "/usr/local/lib/python3.12/logging/__init__.py", line 1700, in handle
    self.callHandlers(record)
  File "/usr/local/lib/python3.12/logging/__init__.py", line 1762, in callHandlers
    hdlr.handle(record)
  File "/usr/local/lib/python3.12/logging/__init__.py", line 1028, in handle
    self.emit(record)
  File "/home/airflow/.local/lib/python3.12/site-packages/airflow/utils/log/file_processor_handler.py", line 76, in emit
    self.handler.emit(record)
  File "/usr/local/lib/python3.12/logging/__init__.py", line 1280, in emit
    StreamHandler.emit(self, record)
  File "/usr/local/lib/python3.12/logging/__init__.py", line 1168, in emit
    self.handleError(record)
  File "/usr/local/lib/python3.12/logging/__init__.py", line 1081, in handleError
    sys.stderr.write('--- Logging error ---\n')
  File "/home/airflow/.local/lib/python3.12/site-packages/airflow/utils/log/logging_mixin.py", line 200, in write
    self.flush()
  File "/home/airflow/.local/lib/python3.12/site-packages/airflow/utils/log/logging_mixin.py", line 207, in flush
    self._propagate_log(buf)
  File "/home/airflow/.local/lib/python3.12/site-packages/airflow/utils/log/logging_mixin.py", line 188, in _propagate_log
    self.logger.log(self.level, remove_escape_codes(message))
  File "/usr/local/lib/python3.12/logging/__init__.py", line 1609, in log
    self._log(level, msg, args, **kwargs)
  File "/usr/local/lib/python3.12/logging/__init__.py", line 1684, in _log
    self.handle(record)
  File "/usr/local/lib/python3.12/logging/__init__.py", line 1700, in handle
    self.callHandlers(record)
  File "/usr/local/lib/python3.12/logging/__init__.py", line 1762, in callHandlers
    hdlr.handle(record)
  File "/usr/local/lib/python3.12/logging/__init__.py", line 1028, in handle
    self.emit(record)
  File "/home/airflow/.local/lib/python3.12/site-packages/airflow/utils/log/file_processor_handler.py", line 76, in emit
    self.handler.emit(record)
  File "/usr/local/lib/python3.12/logging/__init__.py", line 1280, in emit
    StreamHandler.emit(self, record)
  File "/usr/local/lib/python3.12/logging/__init__.py", line 1168, in emit
    self.handleError(record)
  File "/usr/local/lib/python3.12/logging/__init__.py", line 1081, in handleError
    sys.stderr.write('--- Logging error ---\n')
  File "/home/airflow/.local/lib/python3.12/site-packages/airflow/utils/log/logging_mixin.py", line 200, in write
    self.flush()
  File "/home/airflow/.local/lib/python3.12/site-packages/airflow/utils/log/logging_mixin.py", line 207, in flush
    self._propagate_log(buf)
  File "/home/airflow/.local/lib/python3.12/site-packages/airflow/utils/log/logging_mixin.py", line 188, in _propagate_log
    self.logger.log(self.level, remove_escape_codes(message))
  File "/usr/local/lib/python3.12/logging/__init__.py", line 1609, in log
    self._log(level, msg, args, **kwargs)
  File "/usr/local/lib/python3.12/logging/__init__.py", line 1684, in _log
    self.handle(record)
  File "/usr/local/lib/python3.12/logging/__init__.py", line 1700, in handle
    self.callHandlers(record)
  File "/usr/local/lib/python3.12/logging/__init__.py", line 1762, in callHandlers
    hdlr.handle(record)
  File "/usr/local/lib/python3.12/logging/__init__.py", line 1028, in handle
    self.emit(record)
  File "/home/airflow/.local/lib/python3.12/site-packages/airflow/utils/log/file_processor_handler.py", line 76, in emit
    self.handler.emit(record)
  File "/usr/local/lib/python3.12/logging/__init__.py", line 1280, in emit
    StreamHandler.emit(self, record)
  File "/usr/local/lib/python3.12/logging/__init__.py", line 1168, in emit
    self.handleError(record)
  File "/usr/local/lib/python3.12/logging/__init__.py", line 1081, in handleError
    sys.stderr.write('--- Logging error ---\n')
  File "/home/airflow/.local/lib/python3.12/site-packages/airflow/utils/log/logging_mixin.py", line 200, in write
    self.flush()
  File "/home/airflow/.local/lib/python3.12/site-packages/airflow/utils/log/logging_mixin.py", line 207, in flush
    self._propagate_log(buf)
  File "/home/airflow/.local/lib/python3.12/site-packages/airflow/utils/log/logging_mixin.py", line 188, in _propagate_log
    self.logger.log(self.level, remove_escape_codes(message))
  File "/usr/local/lib/python3.12/logging/__init__.py", line 1609, in log
    self._log(level, msg, args, **kwargs)
  File "/usr/local/lib/python3.12/logging/__init__.py", line 1684, in _log
    self.handle(record)
  File "/usr/local/lib/python3.12/logging/__init__.py", line 1700, in handle
    self.callHandlers(record)
  File "/usr/local/lib/python3.12/logging/__init__.py", line 1762, in callHandlers
    hdlr.handle(record)
  File "/usr/local/lib/python3.12/logging/__init__.py", line 1028, in handle
    self.emit(record)
  File "/home/airflow/.local/lib/python3.12/site-packages/airflow/utils/log/file_processor_handler.py", line 76, in emit
    self.handler.emit(record)
  File "/usr/local/lib/python3.12/logging/__init__.py", line 1280, in emit
    StreamHandler.emit(self, record)
  File "/usr/local/lib/python3.12/logging/__init__.py", line 1168, in emit
    self.handleError(record)
  File "/usr/local/lib/python3.12/logging/__init__.py", line 1081, in handleError
    sys.stderr.write('--- Logging error ---\n')
  File "/home/airflow/.local/lib/python3.12/site-packages/airflow/utils/log/logging_mixin.py", line 200, in write
    self.flush()
  File "/home/airflow/.local/lib/python3.12/site-packages/airflow/utils/log/logging_mixin.py", line 207, in flush
    self._propagate_log(buf)
  File "/home/airflow/.local/lib/python3.12/site-packages/airflow/utils/log/logging_mixin.py", line 188, in _propagate_log
    self.logger.log(self.level, remove_escape_codes(message))
  File "/usr/local/lib/python3.12/logging/__init__.py", line 1609, in log
    self._log(level, msg, args, **kwargs)
  File "/usr/local/lib/python3.12/logging/__init__.py", line 1684, in _log
    self.handle(record)
  File "/usr/local/lib/python3.12/logging/__init__.py", line 1700, in handle
    self.callHandlers(record)
  File "/usr/local/lib/python3.12/logging/__init__.py", line 1762, in callHandlers
    hdlr.handle(record)
  File "/usr/local/lib/python3.12/logging/__init__.py", line 1028, in handle
    self.emit(record)
  File "/home/airflow/.local/lib/python3.12/site-packages/airflow/utils/log/file_processor_handler.py", line 76, in emit
    self.handler.emit(record)
  File "/usr/local/lib/python3.12/logging/__init__.py", line 1280, in emit
    StreamHandler.emit(self, record)
  File "/usr/local/lib/python3.12/logging/__init__.py", line 1168, in emit
    self.handleError(record)
  File "/usr/local/lib/python3.12/logging/__init__.py", line 1081, in handleError
    sys.stderr.write('--- Logging error ---\n')
  File "/home/airflow/.local/lib/python3.12/site-packages/airflow/utils/log/logging_mixin.py", line 200, in write
    self.flush()
  File "/home/airflow/.local/lib/python3.12/site-packages/airflow/utils/log/logging_mixin.py", line 207, in flush
    self._propagate_log(buf)
  File "/home/airflow/.local/lib/python3.12/site-packages/airflow/utils/log/logging_mixin.py", line 188, in _propagate_log
    self.logger.log(self.level, remove_escape_codes(message))
  File "/usr/local/lib/python3.12/logging/__init__.py", line 1609, in log
    self._log(level, msg, args, **kwargs)
  File "/usr/local/lib/python3.12/logging/__init__.py", line 1684, in _log
    self.handle(record)
  File "/usr/local/lib/python3.12/logging/__init__.py", line 1700, in handle
    self.callHandlers(record)
  File "/usr/local/lib/python3.12/logging/__init__.py", line 1762, in callHandlers
    hdlr.handle(record)
  File "/usr/local/lib/python3.12/logging/__init__.py", line 1028, in handle
    self.emit(record)
  File "/home/airflow/.local/lib/python3.12/site-packages/airflow/utils/log/file_processor_handler.py", line 76, in emit
    self.handler.emit(record)
  File "/usr/local/lib/python3.12/logging/__init__.py", line 1280, in emit
    StreamHandler.emit(self, record)
  File "/usr/local/lib/python3.12/logging/__init__.py", line 1168, in emit
    self.handleError(record)
  File "/usr/local/lib/python3.12/logging/__init__.py", line 1081, in handleError
    sys.stderr.write('--- Logging error ---\n')
  File "/home/airflow/.local/lib/python3.12/site-packages/airflow/utils/log/logging_mixin.py", line 200, in write
    self.flush()
  File "/home/airflow/.local/lib/python3.12/site-packages/airflow/utils/log/logging_mixin.py", line 207, in flush
    self._propagate_log(buf)
  File "/home/airflow/.local/lib/python3.12/site-packages/airflow/utils/log/logging_mixin.py", line 188, in _propagate_log
    self.logger.log(self.level, remove_escape_codes(message))
  File "/usr/local/lib/python3.12/logging/__init__.py", line 1609, in log
    self._log(level, msg, args, **kwargs)
  File "/usr/local/lib/python3.12/logging/__init__.py", line 1684, in _log
    self.handle(record)
  File "/usr/local/lib/python3.12/logging/__init__.py", line 1700, in handle
    self.callHandlers(record)
  File "/usr/local/lib/python3.12/logging/__init__.py", line 1762, in callHandlers
    hdlr.handle(record)
  File "/usr/local/lib/python3.12/logging/__init__.py", line 1028, in handle
    self.emit(record)
  File "/home/airflow/.local/lib/python3.12/site-packages/airflow/utils/log/file_processor_handler.py", line 76, in emit
    self.handler.emit(record)
  File "/usr/local/lib/python3.12/logging/__init__.py", line 1280, in emit
    StreamHandler.emit(self, record)
  File "/usr/local/lib/python3.12/logging/__init__.py", line 1168, in emit
    self.handleError(record)
  File "/usr/local/lib/python3.12/logging/__init__.py", line 1081, in handleError
    sys.stderr.write('--- Logging error ---\n')
  File "/home/airflow/.local/lib/python3.12/site-packages/airflow/utils/log/logging_mixin.py", line 200, in write
    self.flush()
  File "/home/airflow/.local/lib/python3.12/site-packages/airflow/utils/log/logging_mixin.py", line 207, in flush
    self._propagate_log(buf)
  File "/home/airflow/.local/lib/python3.12/site-packages/airflow/utils/log/logging_mixin.py", line 188, in _propagate_log
    self.logger.log(self.level, remove_escape_codes(message))
  File "/usr/local/lib/python3.12/logging/__init__.py", line 1609, in log
    self._log(level, msg, args, **kwargs)
  File "/usr/local/lib/python3.12/logging/__init__.py", line 1684, in _log
    self.handle(record)
  File "/usr/local/lib/python3.12/logging/__init__.py", line 1700, in handle
    self.callHandlers(record)
  File "/usr/local/lib/python3.12/logging/__init__.py", line 1762, in callHandlers
    hdlr.handle(record)
  File "/usr/local/lib/python3.12/logging/__init__.py", line 1028, in handle
    self.emit(record)
  File "/home/airflow/.local/lib/python3.12/site-packages/airflow/utils/log/file_processor_handler.py", line 76, in emit
    self.handler.emit(record)
  File "/usr/local/lib/python3.12/logging/__init__.py", line 1280, in emit
    StreamHandler.emit(self, record)
  File "/usr/local/lib/python3.12/logging/__init__.py", line 1168, in emit
    self.handleError(record)
  File "/usr/local/lib/python3.12/logging/__init__.py", line 1081, in handleError
    sys.stderr.write('--- Logging error ---\n')
  File "/home/airflow/.local/lib/python3.12/site-packages/airflow/utils/log/logging_mixin.py", line 200, in write
    self.flush()
  File "/home/airflow/.local/lib/python3.12/site-packages/airflow/utils/log/logging_mixin.py", line 207, in flush
    self._propagate_log(buf)
  File "/home/airflow/.local/lib/python3.12/site-packages/airflow/utils/log/logging_mixin.py", line 188, in _propagate_log
    self.logger.log(self.level, remove_escape_codes(message))
  File "/usr/local/lib/python3.12/logging/__init__.py", line 1609, in log
    self._log(level, msg, args, **kwargs)
  File "/usr/local/lib/python3.12/logging/__init__.py", line 1684, in _log
    self.handle(record)
  File "/usr/local/lib/python3.12/logging/__init__.py", line 1700, in handle
    self.callHandlers(record)
  File "/usr/local/lib/python3.12/logging/__init__.py", line 1762, in callHandlers
    hdlr.handle(record)
  File "/usr/local/lib/python3.12/logging/__init__.py", line 1028, in handle
    self.emit(record)
  File "/home/airflow/.local/lib/python3.12/site-packages/airflow/utils/log/file_processor_handler.py", line 76, in emit
    self.handler.emit(record)
  File "/usr/local/lib/python3.12/logging/__init__.py", line 1280, in emit
    StreamHandler.emit(self, record)
  File "/usr/local/lib/python3.12/logging/__init__.py", line 1168, in emit
    self.handleError(record)
  File "/usr/local/lib/python3.12/logging/__init__.py", line 1081, in handleError
    sys.stderr.write('--- Logging error ---\n')
  File "/home/airflow/.local/lib/python3.12/site-packages/airflow/utils/log/logging_mixin.py", line 200, in write
    self.flush()
  File "/home/airflow/.local/lib/python3.12/site-packages/airflow/utils/log/logging_mixin.py", line 207, in flush
    self._propagate_log(buf)
  File "/home/airflow/.local/lib/python3.12/site-packages/airflow/utils/log/logging_mixin.py", line 188, in _propagate_log
    self.logger.log(self.level, remove_escape_codes(message))
  File "/usr/local/lib/python3.12/logging/__init__.py", line 1609, in log
    self._log(level, msg, args, **kwargs)
  File "/usr/local/lib/python3.12/logging/__init__.py", line 1684, in _log
    self.handle(record)
  File "/usr/local/lib/python3.12/logging/__init__.py", line 1700, in handle
    self.callHandlers(record)
  File "/usr/local/lib/python3.12/logging/__init__.py", line 1762, in callHandlers
    hdlr.handle(record)
  File "/usr/local/lib/python3.12/logging/__init__.py", line 1028, in handle
    self.emit(record)
  File "/home/airflow/.local/lib/python3.12/site-packages/airflow/utils/log/file_processor_handler.py", line 76, in emit
    self.handler.emit(record)
  File "/usr/local/lib/python3.12/logging/__init__.py", line 1280, in emit
    StreamHandler.emit(self, record)
  File "/usr/local/lib/python3.12/logging/__init__.py", line 1168, in emit
    self.handleError(record)
  File "/usr/local/lib/python3.12/logging/__init__.py", line 1081, in handleError
    sys.stderr.write('--- Logging error ---\n')
  File "/home/airflow/.local/lib/python3.12/site-packages/airflow/utils/log/logging_mixin.py", line 200, in write
    self.flush()
  File "/home/airflow/.local/lib/python3.12/site-packages/airflow/utils/log/logging_mixin.py", line 207, in flush
    self._propagate_log(buf)
  File "/home/airflow/.local/lib/python3.12/site-packages/airflow/utils/log/logging_mixin.py", line 188, in _propagate_log
    self.logger.log(self.level, remove_escape_codes(message))
  File "/usr/local/lib/python3.12/logging/__init__.py", line 1609, in log
    self._log(level, msg, args, **kwargs)
  File "/usr/local/lib/python3.12/logging/__init__.py", line 1684, in _log
    self.handle(record)
  File "/usr/local/lib/python3.12/logging/__init__.py", line 1700, in handle
    self.callHandlers(record)
  File "/usr/local/lib/python3.12/logging/__init__.py", line 1762, in callHandlers
    hdlr.handle(record)
  File "/usr/local/lib/python3.12/logging/__init__.py", line 1028, in handle
    self.emit(record)
  File "/home/airflow/.local/lib/python3.12/site-packages/airflow/utils/log/file_processor_handler.py", line 76, in emit
    self.handler.emit(record)
  File "/usr/local/lib/python3.12/logging/__init__.py", line 1280, in emit
    StreamHandler.emit(self, record)
  File "/usr/local/lib/python3.12/logging/__init__.py", line 1168, in emit
    self.handleError(record)
  File "/usr/local/lib/python3.12/logging/__init__.py", line 1081, in handleError
    sys.stderr.write('--- Logging error ---\n')
  File "/home/airflow/.local/lib/python3.12/site-packages/airflow/utils/log/logging_mixin.py", line 200, in write
    self.flush()
  File "/home/airflow/.local/lib/python3.12/site-packages/airflow/utils/log/logging_mixin.py", line 207, in flush
    self._propagate_log(buf)
  File "/home/airflow/.local/lib/python3.12/site-packages/airflow/utils/log/logging_mixin.py", line 188, in _propagate_log
    self.logger.log(self.level, remove_escape_codes(message))
  File "/usr/local/lib/python3.12/logging/__init__.py", line 1609, in log
    self._log(level, msg, args, **kwargs)
  File "/usr/local/lib/python3.12/logging/__init__.py", line 1684, in _log
    self.handle(record)
  File "/usr/local/lib/python3.12/logging/__init__.py", line 1700, in handle
    self.callHandlers(record)
  File "/usr/local/lib/python3.12/logging/__init__.py", line 1762, in callHandlers
    hdlr.handle(record)
  File "/usr/local/lib/python3.12/logging/__init__.py", line 1028, in handle
    self.emit(record)
  File "/home/airflow/.local/lib/python3.12/site-packages/airflow/utils/log/file_processor_handler.py", line 76, in emit
    self.handler.emit(record)
  File "/usr/local/lib/python3.12/logging/__init__.py", line 1280, in emit
    StreamHandler.emit(self, record)
  File "/usr/local/lib/python3.12/logging/__init__.py", line 1168, in emit
    self.handleError(record)
  File "/usr/local/lib/python3.12/logging/__init__.py", line 1081, in handleError
    sys.stderr.write('--- Logging error ---\n')
  File "/home/airflow/.local/lib/python3.12/site-packages/airflow/utils/log/logging_mixin.py", line 200, in write
    self.flush()
  File "/home/airflow/.local/lib/python3.12/site-packages/airflow/utils/log/logging_mixin.py", line 207, in flush
    self._propagate_log(buf)
  File "/home/airflow/.local/lib/python3.12/site-packages/airflow/utils/log/logging_mixin.py", line 188, in _propagate_log
    self.logger.log(self.level, remove_escape_codes(message))
  File "/usr/local/lib/python3.12/logging/__init__.py", line 1609, in log
    self._log(level, msg, args, **kwargs)
  File "/usr/local/lib/python3.12/logging/__init__.py", line 1684, in _log
    self.handle(record)
  File "/usr/local/lib/python3.12/logging/__init__.py", line 1700, in handle
    self.callHandlers(record)
  File "/usr/local/lib/python3.12/logging/__init__.py", line 1762, in callHandlers
    hdlr.handle(record)
  File "/usr/local/lib/python3.12/logging/__init__.py", line 1028, in handle
    self.emit(record)
  File "/home/airflow/.local/lib/python3.12/site-packages/airflow/utils/log/file_processor_handler.py", line 76, in emit
    self.handler.emit(record)
  File "/usr/local/lib/python3.12/logging/__init__.py", line 1280, in emit
    StreamHandler.emit(self, record)
  File "/usr/local/lib/python3.12/logging/__init__.py", line 1168, in emit
    self.handleError(record)
  File "/usr/local/lib/python3.12/logging/__init__.py", line 1081, in handleError
    sys.stderr.write('--- Logging error ---\n')
  File "/home/airflow/.local/lib/python3.12/site-packages/airflow/utils/log/logging_mixin.py", line 200, in write
    self.flush()
  File "/home/airflow/.local/lib/python3.12/site-packages/airflow/utils/log/logging_mixin.py", line 207, in flush
    self._propagate_log(buf)
  File "/home/airflow/.local/lib/python3.12/site-packages/airflow/utils/log/logging_mixin.py", line 188, in _propagate_log
    self.logger.log(self.level, remove_escape_codes(message))
  File "/usr/local/lib/python3.12/logging/__init__.py", line 1609, in log
    self._log(level, msg, args, **kwargs)
  File "/usr/local/lib/python3.12/logging/__init__.py", line 1684, in _log
    self.handle(record)
  File "/usr/local/lib/python3.12/logging/__init__.py", line 1700, in handle
    self.callHandlers(record)
  File "/usr/local/lib/python3.12/logging/__init__.py", line 1762, in callHandlers
    hdlr.handle(record)
  File "/usr/local/lib/python3.12/logging/__init__.py", line 1028, in handle
    self.emit(record)
  File "/home/airflow/.local/lib/python3.12/site-packages/airflow/utils/log/file_processor_handler.py", line 76, in emit
    self.handler.emit(record)
  File "/usr/local/lib/python3.12/logging/__init__.py", line 1280, in emit
    StreamHandler.emit(self, record)
  File "/usr/local/lib/python3.12/logging/__init__.py", line 1168, in emit
    self.handleError(record)
  File "/usr/local/lib/python3.12/logging/__init__.py", line 1081, in handleError
    sys.stderr.write('--- Logging error ---\n')
  File "/home/airflow/.local/lib/python3.12/site-packages/airflow/utils/log/logging_mixin.py", line 200, in write
    self.flush()
  File "/home/airflow/.local/lib/python3.12/site-packages/airflow/utils/log/logging_mixin.py", line 207, in flush
    self._propagate_log(buf)
  File "/home/airflow/.local/lib/python3.12/site-packages/airflow/utils/log/logging_mixin.py", line 188, in _propagate_log
    self.logger.log(self.level, remove_escape_codes(message))
  File "/usr/local/lib/python3.12/logging/__init__.py", line 1609, in log
    self._log(level, msg, args, **kwargs)
  File "/usr/local/lib/python3.12/logging/__init__.py", line 1684, in _log
    self.handle(record)
  File "/usr/local/lib/python3.12/logging/__init__.py", line 1700, in handle
    self.callHandlers(record)
  File "/usr/local/lib/python3.12/logging/__init__.py", line 1762, in callHandlers
    hdlr.handle(record)
  File "/usr/local/lib/python3.12/logging/__init__.py", line 1028, in handle
    self.emit(record)
  File "/home/airflow/.local/lib/python3.12/site-packages/airflow/utils/log/file_processor_handler.py", line 76, in emit
    self.handler.emit(record)
  File "/usr/local/lib/python3.12/logging/__init__.py", line 1280, in emit
    StreamHandler.emit(self, record)
  File "/usr/local/lib/python3.12/logging/__init__.py", line 1168, in emit
    self.handleError(record)
  File "/usr/local/lib/python3.12/logging/__init__.py", line 1081, in handleError
    sys.stderr.write('--- Logging error ---\n')
  File "/home/airflow/.local/lib/python3.12/site-packages/airflow/utils/log/logging_mixin.py", line 200, in write
    self.flush()
  File "/home/airflow/.local/lib/python3.12/site-packages/airflow/utils/log/logging_mixin.py", line 207, in flush
    self._propagate_log(buf)
  File "/home/airflow/.local/lib/python3.12/site-packages/airflow/utils/log/logging_mixin.py", line 188, in _propagate_log
    self.logger.log(self.level, remove_escape_codes(message))
  File "/usr/local/lib/python3.12/logging/__init__.py", line 1609, in log
    self._log(level, msg, args, **kwargs)
  File "/usr/local/lib/python3.12/logging/__init__.py", line 1684, in _log
    self.handle(record)
  File "/usr/local/lib/python3.12/logging/__init__.py", line 1700, in handle
    self.callHandlers(record)
  File "/usr/local/lib/python3.12/logging/__init__.py", line 1762, in callHandlers
    hdlr.handle(record)
  File "/usr/local/lib/python3.12/logging/__init__.py", line 1028, in handle
    self.emit(record)
  File "/home/airflow/.local/lib/python3.12/site-packages/airflow/utils/log/file_processor_handler.py", line 76, in emit
    self.handler.emit(record)
  File "/usr/local/lib/python3.12/logging/__init__.py", line 1280, in emit
    StreamHandler.emit(self, record)
  File "/usr/local/lib/python3.12/logging/__init__.py", line 1168, in emit
    self.handleError(record)
  File "/usr/local/lib/python3.12/logging/__init__.py", line 1081, in handleError
    sys.stderr.write('--- Logging error ---\n')
  File "/home/airflow/.local/lib/python3.12/site-packages/airflow/utils/log/logging_mixin.py", line 200, in write
    self.flush()
  File "/home/airflow/.local/lib/python3.12/site-packages/airflow/utils/log/logging_mixin.py", line 207, in flush
    self._propagate_log(buf)
  File "/home/airflow/.local/lib/python3.12/site-packages/airflow/utils/log/logging_mixin.py", line 188, in _propagate_log
    self.logger.log(self.level, remove_escape_codes(message))
  File "/usr/local/lib/python3.12/logging/__init__.py", line 1609, in log
    self._log(level, msg, args, **kwargs)
  File "/usr/local/lib/python3.12/logging/__init__.py", line 1684, in _log
    self.handle(record)
  File "/usr/local/lib/python3.12/logging/__init__.py", line 1700, in handle
    self.callHandlers(record)
  File "/usr/local/lib/python3.12/logging/__init__.py", line 1762, in callHandlers
    hdlr.handle(record)
  File "/usr/local/lib/python3.12/logging/__init__.py", line 1028, in handle
    self.emit(record)
  File "/home/airflow/.local/lib/python3.12/site-packages/airflow/utils/log/file_processor_handler.py", line 76, in emit
    self.handler.emit(record)
  File "/usr/local/lib/python3.12/logging/__init__.py", line 1280, in emit
    StreamHandler.emit(self, record)
  File "/usr/local/lib/python3.12/logging/__init__.py", line 1168, in emit
    self.handleError(record)
  File "/usr/local/lib/python3.12/logging/__init__.py", line 1081, in handleError
    sys.stderr.write('--- Logging error ---\n')
  File "/home/airflow/.local/lib/python3.12/site-packages/airflow/utils/log/logging_mixin.py", line 200, in write
    self.flush()
  File "/home/airflow/.local/lib/python3.12/site-packages/airflow/utils/log/logging_mixin.py", line 207, in flush
    self._propagate_log(buf)
  File "/home/airflow/.local/lib/python3.12/site-packages/airflow/utils/log/logging_mixin.py", line 188, in _propagate_log
    self.logger.log(self.level, remove_escape_codes(message))
  File "/usr/local/lib/python3.12/logging/__init__.py", line 1609, in log
    self._log(level, msg, args, **kwargs)
  File "/usr/local/lib/python3.12/logging/__init__.py", line 1684, in _log
    self.handle(record)
  File "/usr/local/lib/python3.12/logging/__init__.py", line 1700, in handle
    self.callHandlers(record)
  File "/usr/local/lib/python3.12/logging/__init__.py", line 1762, in callHandlers
    hdlr.handle(record)
  File "/usr/local/lib/python3.12/logging/__init__.py", line 1028, in handle
    self.emit(record)
  File "/home/airflow/.local/lib/python3.12/site-packages/airflow/utils/log/file_processor_handler.py", line 76, in emit
    self.handler.emit(record)
  File "/usr/local/lib/python3.12/logging/__init__.py", line 1280, in emit
    StreamHandler.emit(self, record)
  File "/usr/local/lib/python3.12/logging/__init__.py", line 1168, in emit
    self.handleError(record)
  File "/usr/local/lib/python3.12/logging/__init__.py", line 1081, in handleError
    sys.stderr.write('--- Logging error ---\n')
  File "/home/airflow/.local/lib/python3.12/site-packages/airflow/utils/log/logging_mixin.py", line 200, in write
    self.flush()
  File "/home/airflow/.local/lib/python3.12/site-packages/airflow/utils/log/logging_mixin.py", line 207, in flush
    self._propagate_log(buf)
  File "/home/airflow/.local/lib/python3.12/site-packages/airflow/utils/log/logging_mixin.py", line 188, in _propagate_log
    self.logger.log(self.level, remove_escape_codes(message))
  File "/usr/local/lib/python3.12/logging/__init__.py", line 1609, in log
    self._log(level, msg, args, **kwargs)
  File "/usr/local/lib/python3.12/logging/__init__.py", line 1684, in _log
    self.handle(record)
  File "/usr/local/lib/python3.12/logging/__init__.py", line 1700, in handle
    self.callHandlers(record)
  File "/usr/local/lib/python3.12/logging/__init__.py", line 1762, in callHandlers
    hdlr.handle(record)
  File "/usr/local/lib/python3.12/logging/__init__.py", line 1028, in handle
    self.emit(record)
  File "/home/airflow/.local/lib/python3.12/site-packages/airflow/utils/log/file_processor_handler.py", line 76, in emit
    self.handler.emit(record)
  File "/usr/local/lib/python3.12/logging/__init__.py", line 1280, in emit
    StreamHandler.emit(self, record)
  File "/usr/local/lib/python3.12/logging/__init__.py", line 1168, in emit
    self.handleError(record)
  File "/usr/local/lib/python3.12/logging/__init__.py", line 1081, in handleError
    sys.stderr.write('--- Logging error ---\n')
  File "/home/airflow/.local/lib/python3.12/site-packages/airflow/utils/log/logging_mixin.py", line 200, in write
    self.flush()
  File "/home/airflow/.local/lib/python3.12/site-packages/airflow/utils/log/logging_mixin.py", line 207, in flush
    self._propagate_log(buf)
  File "/home/airflow/.local/lib/python3.12/site-packages/airflow/utils/log/logging_mixin.py", line 188, in _propagate_log
    self.logger.log(self.level, remove_escape_codes(message))
  File "/usr/local/lib/python3.12/logging/__init__.py", line 1609, in log
    self._log(level, msg, args, **kwargs)
  File "/usr/local/lib/python3.12/logging/__init__.py", line 1684, in _log
    self.handle(record)
  File "/usr/local/lib/python3.12/logging/__init__.py", line 1700, in handle
    self.callHandlers(record)
  File "/usr/local/lib/python3.12/logging/__init__.py", line 1762, in callHandlers
    hdlr.handle(record)
  File "/usr/local/lib/python3.12/logging/__init__.py", line 1028, in handle
    self.emit(record)
  File "/home/airflow/.local/lib/python3.12/site-packages/airflow/utils/log/file_processor_handler.py", line 76, in emit
    self.handler.emit(record)
  File "/usr/local/lib/python3.12/logging/__init__.py", line 1280, in emit
    StreamHandler.emit(self, record)
  File "/usr/local/lib/python3.12/logging/__init__.py", line 1168, in emit
    self.handleError(record)
  File "/usr/local/lib/python3.12/logging/__init__.py", line 1081, in handleError
    sys.stderr.write('--- Logging error ---\n')
  File "/home/airflow/.local/lib/python3.12/site-packages/airflow/utils/log/logging_mixin.py", line 200, in write
    self.flush()
  File "/home/airflow/.local/lib/python3.12/site-packages/airflow/utils/log/logging_mixin.py", line 207, in flush
    self._propagate_log(buf)
  File "/home/airflow/.local/lib/python3.12/site-packages/airflow/utils/log/logging_mixin.py", line 188, in _propagate_log
    self.logger.log(self.level, remove_escape_codes(message))
  File "/usr/local/lib/python3.12/logging/__init__.py", line 1609, in log
    self._log(level, msg, args, **kwargs)
  File "/usr/local/lib/python3.12/logging/__init__.py", line 1684, in _log
    self.handle(record)
  File "/usr/local/lib/python3.12/logging/__init__.py", line 1700, in handle
    self.callHandlers(record)
  File "/usr/local/lib/python3.12/logging/__init__.py", line 1762, in callHandlers
    hdlr.handle(record)
  File "/usr/local/lib/python3.12/logging/__init__.py", line 1028, in handle
    self.emit(record)
  File "/home/airflow/.local/lib/python3.12/site-packages/airflow/utils/log/file_processor_handler.py", line 76, in emit
    self.handler.emit(record)
  File "/usr/local/lib/python3.12/logging/__init__.py", line 1280, in emit
    StreamHandler.emit(self, record)
  File "/usr/local/lib/python3.12/logging/__init__.py", line 1168, in emit
    self.handleError(record)
  File "/usr/local/lib/python3.12/logging/__init__.py", line 1081, in handleError
    sys.stderr.write('--- Logging error ---\n')
  File "/home/airflow/.local/lib/python3.12/site-packages/airflow/utils/log/logging_mixin.py", line 200, in write
    self.flush()
  File "/home/airflow/.local/lib/python3.12/site-packages/airflow/utils/log/logging_mixin.py", line 207, in flush
    self._propagate_log(buf)
  File "/home/airflow/.local/lib/python3.12/site-packages/airflow/utils/log/logging_mixin.py", line 188, in _propagate_log
    self.logger.log(self.level, remove_escape_codes(message))
  File "/usr/local/lib/python3.12/logging/__init__.py", line 1609, in log
    self._log(level, msg, args, **kwargs)
  File "/usr/local/lib/python3.12/logging/__init__.py", line 1684, in _log
    self.handle(record)
  File "/usr/local/lib/python3.12/logging/__init__.py", line 1700, in handle
    self.callHandlers(record)
  File "/usr/local/lib/python3.12/logging/__init__.py", line 1762, in callHandlers
    hdlr.handle(record)
  File "/usr/local/lib/python3.12/logging/__init__.py", line 1028, in handle
    self.emit(record)
  File "/home/airflow/.local/lib/python3.12/site-packages/airflow/utils/log/file_processor_handler.py", line 76, in emit
    self.handler.emit(record)
  File "/usr/local/lib/python3.12/logging/__init__.py", line 1280, in emit
    StreamHandler.emit(self, record)
  File "/usr/local/lib/python3.12/logging/__init__.py", line 1168, in emit
    self.handleError(record)
  File "/usr/local/lib/python3.12/logging/__init__.py", line 1081, in handleError
    sys.stderr.write('--- Logging error ---\n')
  File "/home/airflow/.local/lib/python3.12/site-packages/airflow/utils/log/logging_mixin.py", line 200, in write
    self.flush()
  File "/home/airflow/.local/lib/python3.12/site-packages/airflow/utils/log/logging_mixin.py", line 207, in flush
    self._propagate_log(buf)
  File "/home/airflow/.local/lib/python3.12/site-packages/airflow/utils/log/logging_mixin.py", line 188, in _propagate_log
    self.logger.log(self.level, remove_escape_codes(message))
  File "/usr/local/lib/python3.12/logging/__init__.py", line 1609, in log
    self._log(level, msg, args, **kwargs)
  File "/usr/local/lib/python3.12/logging/__init__.py", line 1684, in _log
    self.handle(record)
  File "/usr/local/lib/python3.12/logging/__init__.py", line 1700, in handle
    self.callHandlers(record)
  File "/usr/local/lib/python3.12/logging/__init__.py", line 1762, in callHandlers
    hdlr.handle(record)
  File "/usr/local/lib/python3.12/logging/__init__.py", line 1028, in handle
    self.emit(record)
  File "/home/airflow/.local/lib/python3.12/site-packages/airflow/utils/log/file_processor_handler.py", line 76, in emit
    self.handler.emit(record)
  File "/usr/local/lib/python3.12/logging/__init__.py", line 1280, in emit
    StreamHandler.emit(self, record)
  File "/usr/local/lib/python3.12/logging/__init__.py", line 1168, in emit
    self.handleError(record)
  File "/usr/local/lib/python3.12/logging/__init__.py", line 1081, in handleError
    sys.stderr.write('--- Logging error ---\n')
  File "/home/airflow/.local/lib/python3.12/site-packages/airflow/utils/log/logging_mixin.py", line 200, in write
    self.flush()
  File "/home/airflow/.local/lib/python3.12/site-packages/airflow/utils/log/logging_mixin.py", line 207, in flush
    self._propagate_log(buf)
  File "/home/airflow/.local/lib/python3.12/site-packages/airflow/utils/log/logging_mixin.py", line 188, in _propagate_log
    self.logger.log(self.level, remove_escape_codes(message))
  File "/usr/local/lib/python3.12/logging/__init__.py", line 1609, in log
    self._log(level, msg, args, **kwargs)
  File "/usr/local/lib/python3.12/logging/__init__.py", line 1684, in _log
    self.handle(record)
  File "/usr/local/lib/python3.12/logging/__init__.py", line 1700, in handle
    self.callHandlers(record)
  File "/usr/local/lib/python3.12/logging/__init__.py", line 1762, in callHandlers
    hdlr.handle(record)
  File "/usr/local/lib/python3.12/logging/__init__.py", line 1028, in handle
    self.emit(record)
  File "/home/airflow/.local/lib/python3.12/site-packages/airflow/utils/log/file_processor_handler.py", line 76, in emit
    self.handler.emit(record)
  File "/usr/local/lib/python3.12/logging/__init__.py", line 1280, in emit
    StreamHandler.emit(self, record)
  File "/usr/local/lib/python3.12/logging/__init__.py", line 1168, in emit
    self.handleError(record)
  File "/usr/local/lib/python3.12/logging/__init__.py", line 1081, in handleError
    sys.stderr.write('--- Logging error ---\n')
  File "/home/airflow/.local/lib/python3.12/site-packages/airflow/utils/log/logging_mixin.py", line 200, in write
    self.flush()
  File "/home/airflow/.local/lib/python3.12/site-packages/airflow/utils/log/logging_mixin.py", line 207, in flush
    self._propagate_log(buf)
  File "/home/airflow/.local/lib/python3.12/site-packages/airflow/utils/log/logging_mixin.py", line 188, in _propagate_log
    self.logger.log(self.level, remove_escape_codes(message))
  File "/usr/local/lib/python3.12/logging/__init__.py", line 1609, in log
    self._log(level, msg, args, **kwargs)
  File "/usr/local/lib/python3.12/logging/__init__.py", line 1684, in _log
    self.handle(record)
  File "/usr/local/lib/python3.12/logging/__init__.py", line 1700, in handle
    self.callHandlers(record)
  File "/usr/local/lib/python3.12/logging/__init__.py", line 1762, in callHandlers
    hdlr.handle(record)
  File "/usr/local/lib/python3.12/logging/__init__.py", line 1028, in handle
    self.emit(record)
  File "/home/airflow/.local/lib/python3.12/site-packages/airflow/utils/log/file_processor_handler.py", line 76, in emit
    self.handler.emit(record)
  File "/usr/local/lib/python3.12/logging/__init__.py", line 1280, in emit
    StreamHandler.emit(self, record)
  File "/usr/local/lib/python3.12/logging/__init__.py", line 1168, in emit
    self.handleError(record)
  File "/usr/local/lib/python3.12/logging/__init__.py", line 1081, in handleError
    sys.stderr.write('--- Logging error ---\n')
  File "/home/airflow/.local/lib/python3.12/site-packages/airflow/utils/log/logging_mixin.py", line 200, in write
    self.flush()
  File "/home/airflow/.local/lib/python3.12/site-packages/airflow/utils/log/logging_mixin.py", line 207, in flush
    self._propagate_log(buf)
  File "/home/airflow/.local/lib/python3.12/site-packages/airflow/utils/log/logging_mixin.py", line 188, in _propagate_log
    self.logger.log(self.level, remove_escape_codes(message))
  File "/usr/local/lib/python3.12/logging/__init__.py", line 1609, in log
    self._log(level, msg, args, **kwargs)
  File "/usr/local/lib/python3.12/logging/__init__.py", line 1684, in _log
    self.handle(record)
  File "/usr/local/lib/python3.12/logging/__init__.py", line 1700, in handle
    self.callHandlers(record)
  File "/usr/local/lib/python3.12/logging/__init__.py", line 1762, in callHandlers
    hdlr.handle(record)
  File "/usr/local/lib/python3.12/logging/__init__.py", line 1028, in handle
    self.emit(record)
  File "/home/airflow/.local/lib/python3.12/site-packages/airflow/utils/log/file_processor_handler.py", line 76, in emit
    self.handler.emit(record)
  File "/usr/local/lib/python3.12/logging/__init__.py", line 1280, in emit
    StreamHandler.emit(self, record)
  File "/usr/local/lib/python3.12/logging/__init__.py", line 1168, in emit
    self.handleError(record)
  File "/usr/local/lib/python3.12/logging/__init__.py", line 1081, in handleError
    sys.stderr.write('--- Logging error ---\n')
  File "/home/airflow/.local/lib/python3.12/site-packages/airflow/utils/log/logging_mixin.py", line 200, in write
    self.flush()
  File "/home/airflow/.local/lib/python3.12/site-packages/airflow/utils/log/logging_mixin.py", line 207, in flush
    self._propagate_log(buf)
  File "/home/airflow/.local/lib/python3.12/site-packages/airflow/utils/log/logging_mixin.py", line 188, in _propagate_log
    self.logger.log(self.level, remove_escape_codes(message))
  File "/usr/local/lib/python3.12/logging/__init__.py", line 1609, in log
    self._log(level, msg, args, **kwargs)
  File "/usr/local/lib/python3.12/logging/__init__.py", line 1684, in _log
    self.handle(record)
  File "/usr/local/lib/python3.12/logging/__init__.py", line 1700, in handle
    self.callHandlers(record)
  File "/usr/local/lib/python3.12/logging/__init__.py", line 1762, in callHandlers
    hdlr.handle(record)
  File "/usr/local/lib/python3.12/logging/__init__.py", line 1028, in handle
    self.emit(record)
  File "/home/airflow/.local/lib/python3.12/site-packages/airflow/utils/log/file_processor_handler.py", line 76, in emit
    self.handler.emit(record)
  File "/usr/local/lib/python3.12/logging/__init__.py", line 1280, in emit
    StreamHandler.emit(self, record)
  File "/usr/local/lib/python3.12/logging/__init__.py", line 1168, in emit
    self.handleError(record)
  File "/usr/local/lib/python3.12/logging/__init__.py", line 1081, in handleError
    sys.stderr.write('--- Logging error ---\n')
  File "/home/airflow/.local/lib/python3.12/site-packages/airflow/utils/log/logging_mixin.py", line 200, in write
    self.flush()
  File "/home/airflow/.local/lib/python3.12/site-packages/airflow/utils/log/logging_mixin.py", line 207, in flush
    self._propagate_log(buf)
  File "/home/airflow/.local/lib/python3.12/site-packages/airflow/utils/log/logging_mixin.py", line 188, in _propagate_log
    self.logger.log(self.level, remove_escape_codes(message))
  File "/usr/local/lib/python3.12/logging/__init__.py", line 1609, in log
    self._log(level, msg, args, **kwargs)
  File "/usr/local/lib/python3.12/logging/__init__.py", line 1684, in _log
    self.handle(record)
  File "/usr/local/lib/python3.12/logging/__init__.py", line 1700, in handle
    self.callHandlers(record)
  File "/usr/local/lib/python3.12/logging/__init__.py", line 1762, in callHandlers
    hdlr.handle(record)
  File "/usr/local/lib/python3.12/logging/__init__.py", line 1028, in handle
    self.emit(record)
  File "/home/airflow/.local/lib/python3.12/site-packages/airflow/utils/log/file_processor_handler.py", line 76, in emit
    self.handler.emit(record)
  File "/usr/local/lib/python3.12/logging/__init__.py", line 1280, in emit
    StreamHandler.emit(self, record)
  File "/usr/local/lib/python3.12/logging/__init__.py", line 1168, in emit
    self.handleError(record)
  File "/usr/local/lib/python3.12/logging/__init__.py", line 1081, in handleError
    sys.stderr.write('--- Logging error ---\n')
  File "/home/airflow/.local/lib/python3.12/site-packages/airflow/utils/log/logging_mixin.py", line 200, in write
    self.flush()
  File "/home/airflow/.local/lib/python3.12/site-packages/airflow/utils/log/logging_mixin.py", line 207, in flush
    self._propagate_log(buf)
  File "/home/airflow/.local/lib/python3.12/site-packages/airflow/utils/log/logging_mixin.py", line 188, in _propagate_log
    self.logger.log(self.level, remove_escape_codes(message))
  File "/usr/local/lib/python3.12/logging/__init__.py", line 1609, in log
    self._log(level, msg, args, **kwargs)
  File "/usr/local/lib/python3.12/logging/__init__.py", line 1684, in _log
    self.handle(record)
  File "/usr/local/lib/python3.12/logging/__init__.py", line 1700, in handle
    self.callHandlers(record)
  File "/usr/local/lib/python3.12/logging/__init__.py", line 1762, in callHandlers
    hdlr.handle(record)
  File "/usr/local/lib/python3.12/logging/__init__.py", line 1028, in handle
    self.emit(record)
  File "/home/airflow/.local/lib/python3.12/site-packages/airflow/utils/log/file_processor_handler.py", line 76, in emit
    self.handler.emit(record)
  File "/usr/local/lib/python3.12/logging/__init__.py", line 1280, in emit
    StreamHandler.emit(self, record)
  File "/usr/local/lib/python3.12/logging/__init__.py", line 1168, in emit
    self.handleError(record)
  File "/usr/local/lib/python3.12/logging/__init__.py", line 1081, in handleError
    sys.stderr.write('--- Logging error ---\n')
  File "/home/airflow/.local/lib/python3.12/site-packages/airflow/utils/log/logging_mixin.py", line 200, in write
    self.flush()
  File "/home/airflow/.local/lib/python3.12/site-packages/airflow/utils/log/logging_mixin.py", line 207, in flush
    self._propagate_log(buf)
  File "/home/airflow/.local/lib/python3.12/site-packages/airflow/utils/log/logging_mixin.py", line 188, in _propagate_log
    self.logger.log(self.level, remove_escape_codes(message))
  File "/usr/local/lib/python3.12/logging/__init__.py", line 1609, in log
    self._log(level, msg, args, **kwargs)
  File "/usr/local/lib/python3.12/logging/__init__.py", line 1684, in _log
    self.handle(record)
  File "/usr/local/lib/python3.12/logging/__init__.py", line 1700, in handle
    self.callHandlers(record)
  File "/usr/local/lib/python3.12/logging/__init__.py", line 1762, in callHandlers
    hdlr.handle(record)
  File "/usr/local/lib/python3.12/logging/__init__.py", line 1028, in handle
    self.emit(record)
  File "/home/airflow/.local/lib/python3.12/site-packages/airflow/utils/log/file_processor_handler.py", line 76, in emit
    self.handler.emit(record)
  File "/usr/local/lib/python3.12/logging/__init__.py", line 1280, in emit
    StreamHandler.emit(self, record)
  File "/usr/local/lib/python3.12/logging/__init__.py", line 1168, in emit
    self.handleError(record)
  File "/usr/local/lib/python3.12/logging/__init__.py", line 1081, in handleError
    sys.stderr.write('--- Logging error ---\n')
  File "/home/airflow/.local/lib/python3.12/site-packages/airflow/utils/log/logging_mixin.py", line 200, in write
    self.flush()
  File "/home/airflow/.local/lib/python3.12/site-packages/airflow/utils/log/logging_mixin.py", line 207, in flush
    self._propagate_log(buf)
  File "/home/airflow/.local/lib/python3.12/site-packages/airflow/utils/log/logging_mixin.py", line 188, in _propagate_log
    self.logger.log(self.level, remove_escape_codes(message))
  File "/usr/local/lib/python3.12/logging/__init__.py", line 1609, in log
    self._log(level, msg, args, **kwargs)
  File "/usr/local/lib/python3.12/logging/__init__.py", line 1684, in _log
    self.handle(record)
  File "/usr/local/lib/python3.12/logging/__init__.py", line 1700, in handle
    self.callHandlers(record)
  File "/usr/local/lib/python3.12/logging/__init__.py", line 1762, in callHandlers
    hdlr.handle(record)
  File "/usr/local/lib/python3.12/logging/__init__.py", line 1028, in handle
    self.emit(record)
  File "/home/airflow/.local/lib/python3.12/site-packages/airflow/utils/log/file_processor_handler.py", line 76, in emit
    self.handler.emit(record)
  File "/usr/local/lib/python3.12/logging/__init__.py", line 1280, in emit
    StreamHandler.emit(self, record)
  File "/usr/local/lib/python3.12/logging/__init__.py", line 1168, in emit
    self.handleError(record)
  File "/usr/local/lib/python3.12/logging/__init__.py", line 1081, in handleError
    sys.stderr.write('--- Logging error ---\n')
  File "/home/airflow/.local/lib/python3.12/site-packages/airflow/utils/log/logging_mixin.py", line 200, in write
    self.flush()
  File "/home/airflow/.local/lib/python3.12/site-packages/airflow/utils/log/logging_mixin.py", line 207, in flush
    self._propagate_log(buf)
  File "/home/airflow/.local/lib/python3.12/site-packages/airflow/utils/log/logging_mixin.py", line 188, in _propagate_log
    self.logger.log(self.level, remove_escape_codes(message))
  File "/usr/local/lib/python3.12/logging/__init__.py", line 1609, in log
    self._log(level, msg, args, **kwargs)
  File "/usr/local/lib/python3.12/logging/__init__.py", line 1684, in _log
    self.handle(record)
  File "/usr/local/lib/python3.12/logging/__init__.py", line 1700, in handle
    self.callHandlers(record)
  File "/usr/local/lib/python3.12/logging/__init__.py", line 1762, in callHandlers
    hdlr.handle(record)
  File "/usr/local/lib/python3.12/logging/__init__.py", line 1028, in handle
    self.emit(record)
  File "/home/airflow/.local/lib/python3.12/site-packages/airflow/utils/log/file_processor_handler.py", line 76, in emit
    self.handler.emit(record)
  File "/usr/local/lib/python3.12/logging/__init__.py", line 1280, in emit
    StreamHandler.emit(self, record)
  File "/usr/local/lib/python3.12/logging/__init__.py", line 1168, in emit
    self.handleError(record)
  File "/usr/local/lib/python3.12/logging/__init__.py", line 1081, in handleError
    sys.stderr.write('--- Logging error ---\n')
  File "/home/airflow/.local/lib/python3.12/site-packages/airflow/utils/log/logging_mixin.py", line 200, in write
    self.flush()
  File "/home/airflow/.local/lib/python3.12/site-packages/airflow/utils/log/logging_mixin.py", line 207, in flush
    self._propagate_log(buf)
  File "/home/airflow/.local/lib/python3.12/site-packages/airflow/utils/log/logging_mixin.py", line 188, in _propagate_log
    self.logger.log(self.level, remove_escape_codes(message))
  File "/usr/local/lib/python3.12/logging/__init__.py", line 1609, in log
    self._log(level, msg, args, **kwargs)
  File "/usr/local/lib/python3.12/logging/__init__.py", line 1684, in _log
    self.handle(record)
  File "/usr/local/lib/python3.12/logging/__init__.py", line 1700, in handle
    self.callHandlers(record)
  File "/usr/local/lib/python3.12/logging/__init__.py", line 1762, in callHandlers
    hdlr.handle(record)
  File "/usr/local/lib/python3.12/logging/__init__.py", line 1028, in handle
    self.emit(record)
  File "/home/airflow/.local/lib/python3.12/site-packages/airflow/utils/log/file_processor_handler.py", line 76, in emit
    self.handler.emit(record)
  File "/usr/local/lib/python3.12/logging/__init__.py", line 1280, in emit
    StreamHandler.emit(self, record)
  File "/usr/local/lib/python3.12/logging/__init__.py", line 1168, in emit
    self.handleError(record)
  File "/usr/local/lib/python3.12/logging/__init__.py", line 1081, in handleError
    sys.stderr.write('--- Logging error ---\n')
  File "/home/airflow/.local/lib/python3.12/site-packages/airflow/utils/log/logging_mixin.py", line 200, in write
    self.flush()
  File "/home/airflow/.local/lib/python3.12/site-packages/airflow/utils/log/logging_mixin.py", line 207, in flush
    self._propagate_log(buf)
  File "/home/airflow/.local/lib/python3.12/site-packages/airflow/utils/log/logging_mixin.py", line 188, in _propagate_log
    self.logger.log(self.level, remove_escape_codes(message))
  File "/usr/local/lib/python3.12/logging/__init__.py", line 1609, in log
    self._log(level, msg, args, **kwargs)
  File "/usr/local/lib/python3.12/logging/__init__.py", line 1684, in _log
    self.handle(record)
  File "/usr/local/lib/python3.12/logging/__init__.py", line 1700, in handle
    self.callHandlers(record)
  File "/usr/local/lib/python3.12/logging/__init__.py", line 1762, in callHandlers
    hdlr.handle(record)
  File "/usr/local/lib/python3.12/logging/__init__.py", line 1028, in handle
    self.emit(record)
  File "/home/airflow/.local/lib/python3.12/site-packages/airflow/utils/log/file_processor_handler.py", line 76, in emit
    self.handler.emit(record)
  File "/usr/local/lib/python3.12/logging/__init__.py", line 1280, in emit
    StreamHandler.emit(self, record)
  File "/usr/local/lib/python3.12/logging/__init__.py", line 1168, in emit
    self.handleError(record)
  File "/usr/local/lib/python3.12/logging/__init__.py", line 1081, in handleError
    sys.stderr.write('--- Logging error ---\n')
  File "/home/airflow/.local/lib/python3.12/site-packages/airflow/utils/log/logging_mixin.py", line 200, in write
    self.flush()
  File "/home/airflow/.local/lib/python3.12/site-packages/airflow/utils/log/logging_mixin.py", line 207, in flush
    self._propagate_log(buf)
  File "/home/airflow/.local/lib/python3.12/site-packages/airflow/utils/log/logging_mixin.py", line 188, in _propagate_log
    self.logger.log(self.level, remove_escape_codes(message))
  File "/usr/local/lib/python3.12/logging/__init__.py", line 1609, in log
    self._log(level, msg, args, **kwargs)
  File "/usr/local/lib/python3.12/logging/__init__.py", line 1684, in _log
    self.handle(record)
  File "/usr/local/lib/python3.12/logging/__init__.py", line 1700, in handle
    self.callHandlers(record)
  File "/usr/local/lib/python3.12/logging/__init__.py", line 1762, in callHandlers
    hdlr.handle(record)
  File "/usr/local/lib/python3.12/logging/__init__.py", line 1028, in handle
    self.emit(record)
  File "/home/airflow/.local/lib/python3.12/site-packages/airflow/utils/log/file_processor_handler.py", line 76, in emit
    self.handler.emit(record)
  File "/usr/local/lib/python3.12/logging/__init__.py", line 1280, in emit
    StreamHandler.emit(self, record)
  File "/usr/local/lib/python3.12/logging/__init__.py", line 1168, in emit
    self.handleError(record)
  File "/usr/local/lib/python3.12/logging/__init__.py", line 1081, in handleError
    sys.stderr.write('--- Logging error ---\n')
  File "/home/airflow/.local/lib/python3.12/site-packages/airflow/utils/log/logging_mixin.py", line 200, in write
    self.flush()
  File "/home/airflow/.local/lib/python3.12/site-packages/airflow/utils/log/logging_mixin.py", line 207, in flush
    self._propagate_log(buf)
  File "/home/airflow/.local/lib/python3.12/site-packages/airflow/utils/log/logging_mixin.py", line 188, in _propagate_log
    self.logger.log(self.level, remove_escape_codes(message))
  File "/usr/local/lib/python3.12/logging/__init__.py", line 1609, in log
    self._log(level, msg, args, **kwargs)
  File "/usr/local/lib/python3.12/logging/__init__.py", line 1684, in _log
    self.handle(record)
  File "/usr/local/lib/python3.12/logging/__init__.py", line 1700, in handle
    self.callHandlers(record)
  File "/usr/local/lib/python3.12/logging/__init__.py", line 1762, in callHandlers
    hdlr.handle(record)
  File "/usr/local/lib/python3.12/logging/__init__.py", line 1028, in handle
    self.emit(record)
  File "/home/airflow/.local/lib/python3.12/site-packages/airflow/utils/log/file_processor_handler.py", line 76, in emit
    self.handler.emit(record)
  File "/usr/local/lib/python3.12/logging/__init__.py", line 1280, in emit
    StreamHandler.emit(self, record)
  File "/usr/local/lib/python3.12/logging/__init__.py", line 1168, in emit
    self.handleError(record)
  File "/usr/local/lib/python3.12/logging/__init__.py", line 1081, in handleError
    sys.stderr.write('--- Logging error ---\n')
  File "/home/airflow/.local/lib/python3.12/site-packages/airflow/utils/log/logging_mixin.py", line 200, in write
    self.flush()
  File "/home/airflow/.local/lib/python3.12/site-packages/airflow/utils/log/logging_mixin.py", line 207, in flush
    self._propagate_log(buf)
  File "/home/airflow/.local/lib/python3.12/site-packages/airflow/utils/log/logging_mixin.py", line 188, in _propagate_log
    self.logger.log(self.level, remove_escape_codes(message))
  File "/usr/local/lib/python3.12/logging/__init__.py", line 1609, in log
    self._log(level, msg, args, **kwargs)
  File "/usr/local/lib/python3.12/logging/__init__.py", line 1684, in _log
    self.handle(record)
  File "/usr/local/lib/python3.12/logging/__init__.py", line 1700, in handle
    self.callHandlers(record)
  File "/usr/local/lib/python3.12/logging/__init__.py", line 1762, in callHandlers
    hdlr.handle(record)
  File "/usr/local/lib/python3.12/logging/__init__.py", line 1028, in handle
    self.emit(record)
  File "/home/airflow/.local/lib/python3.12/site-packages/airflow/utils/log/file_processor_handler.py", line 76, in emit
    self.handler.emit(record)
  File "/usr/local/lib/python3.12/logging/__init__.py", line 1280, in emit
    StreamHandler.emit(self, record)
  File "/usr/local/lib/python3.12/logging/__init__.py", line 1168, in emit
    self.handleError(record)
  File "/usr/local/lib/python3.12/logging/__init__.py", line 1081, in handleError
    sys.stderr.write('--- Logging error ---\n')
  File "/home/airflow/.local/lib/python3.12/site-packages/airflow/utils/log/logging_mixin.py", line 200, in write
    self.flush()
  File "/home/airflow/.local/lib/python3.12/site-packages/airflow/utils/log/logging_mixin.py", line 207, in flush
    self._propagate_log(buf)
  File "/home/airflow/.local/lib/python3.12/site-packages/airflow/utils/log/logging_mixin.py", line 188, in _propagate_log
    self.logger.log(self.level, remove_escape_codes(message))
  File "/usr/local/lib/python3.12/logging/__init__.py", line 1609, in log
    self._log(level, msg, args, **kwargs)
  File "/usr/local/lib/python3.12/logging/__init__.py", line 1684, in _log
    self.handle(record)
  File "/usr/local/lib/python3.12/logging/__init__.py", line 1700, in handle
    self.callHandlers(record)
  File "/usr/local/lib/python3.12/logging/__init__.py", line 1762, in callHandlers
    hdlr.handle(record)
  File "/usr/local/lib/python3.12/logging/__init__.py", line 1028, in handle
    self.emit(record)
  File "/home/airflow/.local/lib/python3.12/site-packages/airflow/utils/log/file_processor_handler.py", line 76, in emit
    self.handler.emit(record)
  File "/usr/local/lib/python3.12/logging/__init__.py", line 1280, in emit
    StreamHandler.emit(self, record)
  File "/usr/local/lib/python3.12/logging/__init__.py", line 1168, in emit
    self.handleError(record)
  File "/usr/local/lib/python3.12/logging/__init__.py", line 1081, in handleError
    sys.stderr.write('--- Logging error ---\n')
  File "/home/airflow/.local/lib/python3.12/site-packages/airflow/utils/log/logging_mixin.py", line 200, in write
    self.flush()
  File "/home/airflow/.local/lib/python3.12/site-packages/airflow/utils/log/logging_mixin.py", line 207, in flush
    self._propagate_log(buf)
  File "/home/airflow/.local/lib/python3.12/site-packages/airflow/utils/log/logging_mixin.py", line 188, in _propagate_log
    self.logger.log(self.level, remove_escape_codes(message))
  File "/usr/local/lib/python3.12/logging/__init__.py", line 1609, in log
    self._log(level, msg, args, **kwargs)
  File "/usr/local/lib/python3.12/logging/__init__.py", line 1684, in _log
    self.handle(record)
  File "/usr/local/lib/python3.12/logging/__init__.py", line 1700, in handle
    self.callHandlers(record)
  File "/usr/local/lib/python3.12/logging/__init__.py", line 1762, in callHandlers
    hdlr.handle(record)
  File "/usr/local/lib/python3.12/logging/__init__.py", line 1028, in handle
    self.emit(record)
  File "/home/airflow/.local/lib/python3.12/site-packages/airflow/utils/log/file_processor_handler.py", line 76, in emit
    self.handler.emit(record)
  File "/usr/local/lib/python3.12/logging/__init__.py", line 1280, in emit
    StreamHandler.emit(self, record)
  File "/usr/local/lib/python3.12/logging/__init__.py", line 1168, in emit
    self.handleError(record)
  File "/usr/local/lib/python3.12/logging/__init__.py", line 1081, in handleError
    sys.stderr.write('--- Logging error ---\n')
  File "/home/airflow/.local/lib/python3.12/site-packages/airflow/utils/log/logging_mixin.py", line 200, in write
    self.flush()
  File "/home/airflow/.local/lib/python3.12/site-packages/airflow/utils/log/logging_mixin.py", line 207, in flush
    self._propagate_log(buf)
  File "/home/airflow/.local/lib/python3.12/site-packages/airflow/utils/log/logging_mixin.py", line 188, in _propagate_log
    self.logger.log(self.level, remove_escape_codes(message))
  File "/usr/local/lib/python3.12/logging/__init__.py", line 1609, in log
    self._log(level, msg, args, **kwargs)
  File "/usr/local/lib/python3.12/logging/__init__.py", line 1684, in _log
    self.handle(record)
  File "/usr/local/lib/python3.12/logging/__init__.py", line 1700, in handle
    self.callHandlers(record)
  File "/usr/local/lib/python3.12/logging/__init__.py", line 1762, in callHandlers
    hdlr.handle(record)
  File "/usr/local/lib/python3.12/logging/__init__.py", line 1028, in handle
    self.emit(record)
  File "/home/airflow/.local/lib/python3.12/site-packages/airflow/utils/log/file_processor_handler.py", line 76, in emit
    self.handler.emit(record)
  File "/usr/local/lib/python3.12/logging/__init__.py", line 1280, in emit
    StreamHandler.emit(self, record)
  File "/usr/local/lib/python3.12/logging/__init__.py", line 1168, in emit
    self.handleError(record)
  File "/usr/local/lib/python3.12/logging/__init__.py", line 1081, in handleError
    sys.stderr.write('--- Logging error ---\n')
  File "/home/airflow/.local/lib/python3.12/site-packages/airflow/utils/log/logging_mixin.py", line 200, in write
    self.flush()
  File "/home/airflow/.local/lib/python3.12/site-packages/airflow/utils/log/logging_mixin.py", line 207, in flush
    self._propagate_log(buf)
  File "/home/airflow/.local/lib/python3.12/site-packages/airflow/utils/log/logging_mixin.py", line 188, in _propagate_log
    self.logger.log(self.level, remove_escape_codes(message))
  File "/usr/local/lib/python3.12/logging/__init__.py", line 1609, in log
    self._log(level, msg, args, **kwargs)
  File "/usr/local/lib/python3.12/logging/__init__.py", line 1684, in _log
    self.handle(record)
  File "/usr/local/lib/python3.12/logging/__init__.py", line 1700, in handle
    self.callHandlers(record)
  File "/usr/local/lib/python3.12/logging/__init__.py", line 1762, in callHandlers
    hdlr.handle(record)
  File "/usr/local/lib/python3.12/logging/__init__.py", line 1028, in handle
    self.emit(record)
  File "/home/airflow/.local/lib/python3.12/site-packages/airflow/utils/log/file_processor_handler.py", line 76, in emit
    self.handler.emit(record)
  File "/usr/local/lib/python3.12/logging/__init__.py", line 1280, in emit
    StreamHandler.emit(self, record)
  File "/usr/local/lib/python3.12/logging/__init__.py", line 1168, in emit
    self.handleError(record)
  File "/usr/local/lib/python3.12/logging/__init__.py", line 1081, in handleError
    sys.stderr.write('--- Logging error ---\n')
  File "/home/airflow/.local/lib/python3.12/site-packages/airflow/utils/log/logging_mixin.py", line 200, in write
    self.flush()
  File "/home/airflow/.local/lib/python3.12/site-packages/airflow/utils/log/logging_mixin.py", line 207, in flush
    self._propagate_log(buf)
  File "/home/airflow/.local/lib/python3.12/site-packages/airflow/utils/log/logging_mixin.py", line 188, in _propagate_log
    self.logger.log(self.level, remove_escape_codes(message))
  File "/usr/local/lib/python3.12/logging/__init__.py", line 1609, in log
    self._log(level, msg, args, **kwargs)
  File "/usr/local/lib/python3.12/logging/__init__.py", line 1684, in _log
    self.handle(record)
  File "/usr/local/lib/python3.12/logging/__init__.py", line 1700, in handle
    self.callHandlers(record)
  File "/usr/local/lib/python3.12/logging/__init__.py", line 1762, in callHandlers
    hdlr.handle(record)
  File "/usr/local/lib/python3.12/logging/__init__.py", line 1028, in handle
    self.emit(record)
  File "/home/airflow/.local/lib/python3.12/site-packages/airflow/utils/log/file_processor_handler.py", line 76, in emit
    self.handler.emit(record)
  File "/usr/local/lib/python3.12/logging/__init__.py", line 1280, in emit
    StreamHandler.emit(self, record)
  File "/usr/local/lib/python3.12/logging/__init__.py", line 1168, in emit
    self.handleError(record)
  File "/usr/local/lib/python3.12/logging/__init__.py", line 1081, in handleError
    sys.stderr.write('--- Logging error ---\n')
  File "/home/airflow/.local/lib/python3.12/site-packages/airflow/utils/log/logging_mixin.py", line 200, in write
    self.flush()
  File "/home/airflow/.local/lib/python3.12/site-packages/airflow/utils/log/logging_mixin.py", line 207, in flush
    self._propagate_log(buf)
  File "/home/airflow/.local/lib/python3.12/site-packages/airflow/utils/log/logging_mixin.py", line 188, in _propagate_log
    self.logger.log(self.level, remove_escape_codes(message))
  File "/usr/local/lib/python3.12/logging/__init__.py", line 1609, in log
    self._log(level, msg, args, **kwargs)
  File "/usr/local/lib/python3.12/logging/__init__.py", line 1684, in _log
    self.handle(record)
  File "/usr/local/lib/python3.12/logging/__init__.py", line 1700, in handle
    self.callHandlers(record)
  File "/usr/local/lib/python3.12/logging/__init__.py", line 1762, in callHandlers
    hdlr.handle(record)
  File "/usr/local/lib/python3.12/logging/__init__.py", line 1028, in handle
    self.emit(record)
  File "/home/airflow/.local/lib/python3.12/site-packages/airflow/utils/log/file_processor_handler.py", line 76, in emit
    self.handler.emit(record)
  File "/usr/local/lib/python3.12/logging/__init__.py", line 1280, in emit
    StreamHandler.emit(self, record)
  File "/usr/local/lib/python3.12/logging/__init__.py", line 1168, in emit
    self.handleError(record)
  File "/usr/local/lib/python3.12/logging/__init__.py", line 1081, in handleError
    sys.stderr.write('--- Logging error ---\n')
  File "/home/airflow/.local/lib/python3.12/site-packages/airflow/utils/log/logging_mixin.py", line 200, in write
    self.flush()
  File "/home/airflow/.local/lib/python3.12/site-packages/airflow/utils/log/logging_mixin.py", line 207, in flush
    self._propagate_log(buf)
  File "/home/airflow/.local/lib/python3.12/site-packages/airflow/utils/log/logging_mixin.py", line 188, in _propagate_log
    self.logger.log(self.level, remove_escape_codes(message))
  File "/usr/local/lib/python3.12/logging/__init__.py", line 1609, in log
    self._log(level, msg, args, **kwargs)
  File "/usr/local/lib/python3.12/logging/__init__.py", line 1684, in _log
    self.handle(record)
  File "/usr/local/lib/python3.12/logging/__init__.py", line 1700, in handle
    self.callHandlers(record)
  File "/usr/local/lib/python3.12/logging/__init__.py", line 1762, in callHandlers
    hdlr.handle(record)
  File "/usr/local/lib/python3.12/logging/__init__.py", line 1028, in handle
    self.emit(record)
  File "/home/airflow/.local/lib/python3.12/site-packages/airflow/utils/log/file_processor_handler.py", line 76, in emit
    self.handler.emit(record)
  File "/usr/local/lib/python3.12/logging/__init__.py", line 1280, in emit
    StreamHandler.emit(self, record)
  File "/usr/local/lib/python3.12/logging/__init__.py", line 1168, in emit
    self.handleError(record)
  File "/usr/local/lib/python3.12/logging/__init__.py", line 1081, in handleError
    sys.stderr.write('--- Logging error ---\n')
  File "/home/airflow/.local/lib/python3.12/site-packages/airflow/utils/log/logging_mixin.py", line 200, in write
    self.flush()
  File "/home/airflow/.local/lib/python3.12/site-packages/airflow/utils/log/logging_mixin.py", line 207, in flush
    self._propagate_log(buf)
  File "/home/airflow/.local/lib/python3.12/site-packages/airflow/utils/log/logging_mixin.py", line 188, in _propagate_log
    self.logger.log(self.level, remove_escape_codes(message))
  File "/usr/local/lib/python3.12/logging/__init__.py", line 1609, in log
    self._log(level, msg, args, **kwargs)
  File "/usr/local/lib/python3.12/logging/__init__.py", line 1684, in _log
    self.handle(record)
  File "/usr/local/lib/python3.12/logging/__init__.py", line 1700, in handle
    self.callHandlers(record)
  File "/usr/local/lib/python3.12/logging/__init__.py", line 1762, in callHandlers
    hdlr.handle(record)
  File "/usr/local/lib/python3.12/logging/__init__.py", line 1028, in handle
    self.emit(record)
  File "/home/airflow/.local/lib/python3.12/site-packages/airflow/utils/log/file_processor_handler.py", line 76, in emit
    self.handler.emit(record)
  File "/usr/local/lib/python3.12/logging/__init__.py", line 1280, in emit
    StreamHandler.emit(self, record)
  File "/usr/local/lib/python3.12/logging/__init__.py", line 1168, in emit
    self.handleError(record)
  File "/usr/local/lib/python3.12/logging/__init__.py", line 1081, in handleError
    sys.stderr.write('--- Logging error ---\n')
  File "/home/airflow/.local/lib/python3.12/site-packages/airflow/utils/log/logging_mixin.py", line 200, in write
    self.flush()
  File "/home/airflow/.local/lib/python3.12/site-packages/airflow/utils/log/logging_mixin.py", line 207, in flush
    self._propagate_log(buf)
  File "/home/airflow/.local/lib/python3.12/site-packages/airflow/utils/log/logging_mixin.py", line 188, in _propagate_log
    self.logger.log(self.level, remove_escape_codes(message))
  File "/usr/local/lib/python3.12/logging/__init__.py", line 1609, in log
    self._log(level, msg, args, **kwargs)
  File "/usr/local/lib/python3.12/logging/__init__.py", line 1684, in _log
    self.handle(record)
  File "/usr/local/lib/python3.12/logging/__init__.py", line 1700, in handle
    self.callHandlers(record)
  File "/usr/local/lib/python3.12/logging/__init__.py", line 1762, in callHandlers
    hdlr.handle(record)
  File "/usr/local/lib/python3.12/logging/__init__.py", line 1028, in handle
    self.emit(record)
  File "/home/airflow/.local/lib/python3.12/site-packages/airflow/utils/log/file_processor_handler.py", line 76, in emit
    self.handler.emit(record)
  File "/usr/local/lib/python3.12/logging/__init__.py", line 1280, in emit
    StreamHandler.emit(self, record)
  File "/usr/local/lib/python3.12/logging/__init__.py", line 1168, in emit
    self.handleError(record)
  File "/usr/local/lib/python3.12/logging/__init__.py", line 1081, in handleError
    sys.stderr.write('--- Logging error ---\n')
  File "/home/airflow/.local/lib/python3.12/site-packages/airflow/utils/log/logging_mixin.py", line 200, in write
    self.flush()
  File "/home/airflow/.local/lib/python3.12/site-packages/airflow/utils/log/logging_mixin.py", line 207, in flush
    self._propagate_log(buf)
  File "/home/airflow/.local/lib/python3.12/site-packages/airflow/utils/log/logging_mixin.py", line 188, in _propagate_log
    self.logger.log(self.level, remove_escape_codes(message))
  File "/usr/local/lib/python3.12/logging/__init__.py", line 1609, in log
    self._log(level, msg, args, **kwargs)
  File "/usr/local/lib/python3.12/logging/__init__.py", line 1684, in _log
    self.handle(record)
  File "/usr/local/lib/python3.12/logging/__init__.py", line 1700, in handle
    self.callHandlers(record)
  File "/usr/local/lib/python3.12/logging/__init__.py", line 1762, in callHandlers
    hdlr.handle(record)
  File "/usr/local/lib/python3.12/logging/__init__.py", line 1028, in handle
    self.emit(record)
  File "/home/airflow/.local/lib/python3.12/site-packages/airflow/utils/log/file_processor_handler.py", line 76, in emit
    self.handler.emit(record)
  File "/usr/local/lib/python3.12/logging/__init__.py", line 1280, in emit
    StreamHandler.emit(self, record)
  File "/usr/local/lib/python3.12/logging/__init__.py", line 1168, in emit
    self.handleError(record)
  File "/usr/local/lib/python3.12/logging/__init__.py", line 1081, in handleError
    sys.stderr.write('--- Logging error ---\n')
  File "/home/airflow/.local/lib/python3.12/site-packages/airflow/utils/log/logging_mixin.py", line 200, in write
    self.flush()
  File "/home/airflow/.local/lib/python3.12/site-packages/airflow/utils/log/logging_mixin.py", line 207, in flush
    self._propagate_log(buf)
  File "/home/airflow/.local/lib/python3.12/site-packages/airflow/utils/log/logging_mixin.py", line 188, in _propagate_log
    self.logger.log(self.level, remove_escape_codes(message))
  File "/usr/local/lib/python3.12/logging/__init__.py", line 1609, in log
    self._log(level, msg, args, **kwargs)
  File "/usr/local/lib/python3.12/logging/__init__.py", line 1684, in _log
    self.handle(record)
  File "/usr/local/lib/python3.12/logging/__init__.py", line 1700, in handle
    self.callHandlers(record)
  File "/usr/local/lib/python3.12/logging/__init__.py", line 1762, in callHandlers
    hdlr.handle(record)
  File "/usr/local/lib/python3.12/logging/__init__.py", line 1028, in handle
    self.emit(record)
  File "/home/airflow/.local/lib/python3.12/site-packages/airflow/utils/log/file_processor_handler.py", line 76, in emit
    self.handler.emit(record)
  File "/usr/local/lib/python3.12/logging/__init__.py", line 1280, in emit
    StreamHandler.emit(self, record)
  File "/usr/local/lib/python3.12/logging/__init__.py", line 1168, in emit
    self.handleError(record)
  File "/usr/local/lib/python3.12/logging/__init__.py", line 1081, in handleError
    sys.stderr.write('--- Logging error ---\n')
  File "/home/airflow/.local/lib/python3.12/site-packages/airflow/utils/log/logging_mixin.py", line 200, in write
    self.flush()
  File "/home/airflow/.local/lib/python3.12/site-packages/airflow/utils/log/logging_mixin.py", line 207, in flush
    self._propagate_log(buf)
  File "/home/airflow/.local/lib/python3.12/site-packages/airflow/utils/log/logging_mixin.py", line 188, in _propagate_log
    self.logger.log(self.level, remove_escape_codes(message))
  File "/usr/local/lib/python3.12/logging/__init__.py", line 1609, in log
    self._log(level, msg, args, **kwargs)
  File "/usr/local/lib/python3.12/logging/__init__.py", line 1684, in _log
    self.handle(record)
  File "/usr/local/lib/python3.12/logging/__init__.py", line 1700, in handle
    self.callHandlers(record)
  File "/usr/local/lib/python3.12/logging/__init__.py", line 1762, in callHandlers
    hdlr.handle(record)
  File "/usr/local/lib/python3.12/logging/__init__.py", line 1028, in handle
    self.emit(record)
  File "/home/airflow/.local/lib/python3.12/site-packages/airflow/utils/log/file_processor_handler.py", line 76, in emit
    self.handler.emit(record)
  File "/usr/local/lib/python3.12/logging/__init__.py", line 1280, in emit
    StreamHandler.emit(self, record)
  File "/usr/local/lib/python3.12/logging/__init__.py", line 1168, in emit
    self.handleError(record)
  File "/usr/local/lib/python3.12/logging/__init__.py", line 1081, in handleError
    sys.stderr.write('--- Logging error ---\n')
  File "/home/airflow/.local/lib/python3.12/site-packages/airflow/utils/log/logging_mixin.py", line 200, in write
    self.flush()
  File "/home/airflow/.local/lib/python3.12/site-packages/airflow/utils/log/logging_mixin.py", line 207, in flush
    self._propagate_log(buf)
  File "/home/airflow/.local/lib/python3.12/site-packages/airflow/utils/log/logging_mixin.py", line 188, in _propagate_log
    self.logger.log(self.level, remove_escape_codes(message))
  File "/usr/local/lib/python3.12/logging/__init__.py", line 1609, in log
    self._log(level, msg, args, **kwargs)
  File "/usr/local/lib/python3.12/logging/__init__.py", line 1684, in _log
    self.handle(record)
  File "/usr/local/lib/python3.12/logging/__init__.py", line 1700, in handle
    self.callHandlers(record)
  File "/usr/local/lib/python3.12/logging/__init__.py", line 1762, in callHandlers
    hdlr.handle(record)
  File "/usr/local/lib/python3.12/logging/__init__.py", line 1028, in handle
    self.emit(record)
  File "/home/airflow/.local/lib/python3.12/site-packages/airflow/utils/log/file_processor_handler.py", line 76, in emit
    self.handler.emit(record)
  File "/usr/local/lib/python3.12/logging/__init__.py", line 1280, in emit
    StreamHandler.emit(self, record)
  File "/usr/local/lib/python3.12/logging/__init__.py", line 1168, in emit
    self.handleError(record)
  File "/usr/local/lib/python3.12/logging/__init__.py", line 1081, in handleError
    sys.stderr.write('--- Logging error ---\n')
  File "/home/airflow/.local/lib/python3.12/site-packages/airflow/utils/log/logging_mixin.py", line 200, in write
    self.flush()
  File "/home/airflow/.local/lib/python3.12/site-packages/airflow/utils/log/logging_mixin.py", line 207, in flush
    self._propagate_log(buf)
  File "/home/airflow/.local/lib/python3.12/site-packages/airflow/utils/log/logging_mixin.py", line 188, in _propagate_log
    self.logger.log(self.level, remove_escape_codes(message))
  File "/usr/local/lib/python3.12/logging/__init__.py", line 1609, in log
    self._log(level, msg, args, **kwargs)
  File "/usr/local/lib/python3.12/logging/__init__.py", line 1684, in _log
    self.handle(record)
  File "/usr/local/lib/python3.12/logging/__init__.py", line 1700, in handle
    self.callHandlers(record)
  File "/usr/local/lib/python3.12/logging/__init__.py", line 1762, in callHandlers
    hdlr.handle(record)
  File "/usr/local/lib/python3.12/logging/__init__.py", line 1028, in handle
    self.emit(record)
  File "/home/airflow/.local/lib/python3.12/site-packages/airflow/utils/log/file_processor_handler.py", line 76, in emit
    self.handler.emit(record)
  File "/usr/local/lib/python3.12/logging/__init__.py", line 1280, in emit
    StreamHandler.emit(self, record)
  File "/usr/local/lib/python3.12/logging/__init__.py", line 1168, in emit
    self.handleError(record)
  File "/usr/local/lib/python3.12/logging/__init__.py", line 1081, in handleError
    sys.stderr.write('--- Logging error ---\n')
  File "/home/airflow/.local/lib/python3.12/site-packages/airflow/utils/log/logging_mixin.py", line 200, in write
    self.flush()
  File "/home/airflow/.local/lib/python3.12/site-packages/airflow/utils/log/logging_mixin.py", line 207, in flush
    self._propagate_log(buf)
  File "/home/airflow/.local/lib/python3.12/site-packages/airflow/utils/log/logging_mixin.py", line 188, in _propagate_log
    self.logger.log(self.level, remove_escape_codes(message))
  File "/usr/local/lib/python3.12/logging/__init__.py", line 1609, in log
    self._log(level, msg, args, **kwargs)
  File "/usr/local/lib/python3.12/logging/__init__.py", line 1684, in _log
    self.handle(record)
  File "/usr/local/lib/python3.12/logging/__init__.py", line 1700, in handle
    self.callHandlers(record)
  File "/usr/local/lib/python3.12/logging/__init__.py", line 1762, in callHandlers
    hdlr.handle(record)
  File "/usr/local/lib/python3.12/logging/__init__.py", line 1028, in handle
    self.emit(record)
  File "/home/airflow/.local/lib/python3.12/site-packages/airflow/utils/log/file_processor_handler.py", line 76, in emit
    self.handler.emit(record)
  File "/usr/local/lib/python3.12/logging/__init__.py", line 1280, in emit
    StreamHandler.emit(self, record)
  File "/usr/local/lib/python3.12/logging/__init__.py", line 1168, in emit
    self.handleError(record)
  File "/usr/local/lib/python3.12/logging/__init__.py", line 1081, in handleError
    sys.stderr.write('--- Logging error ---\n')
  File "/home/airflow/.local/lib/python3.12/site-packages/airflow/utils/log/logging_mixin.py", line 200, in write
    self.flush()
  File "/home/airflow/.local/lib/python3.12/site-packages/airflow/utils/log/logging_mixin.py", line 207, in flush
    self._propagate_log(buf)
  File "/home/airflow/.local/lib/python3.12/site-packages/airflow/utils/log/logging_mixin.py", line 188, in _propagate_log
    self.logger.log(self.level, remove_escape_codes(message))
  File "/usr/local/lib/python3.12/logging/__init__.py", line 1609, in log
    self._log(level, msg, args, **kwargs)
  File "/usr/local/lib/python3.12/logging/__init__.py", line 1684, in _log
    self.handle(record)
  File "/usr/local/lib/python3.12/logging/__init__.py", line 1700, in handle
    self.callHandlers(record)
  File "/usr/local/lib/python3.12/logging/__init__.py", line 1762, in callHandlers
    hdlr.handle(record)
  File "/usr/local/lib/python3.12/logging/__init__.py", line 1028, in handle
    self.emit(record)
  File "/home/airflow/.local/lib/python3.12/site-packages/airflow/utils/log/file_processor_handler.py", line 76, in emit
    self.handler.emit(record)
  File "/usr/local/lib/python3.12/logging/__init__.py", line 1280, in emit
    StreamHandler.emit(self, record)
  File "/usr/local/lib/python3.12/logging/__init__.py", line 1168, in emit
    self.handleError(record)
  File "/usr/local/lib/python3.12/logging/__init__.py", line 1081, in handleError
    sys.stderr.write('--- Logging error ---\n')
  File "/home/airflow/.local/lib/python3.12/site-packages/airflow/utils/log/logging_mixin.py", line 200, in write
    self.flush()
  File "/home/airflow/.local/lib/python3.12/site-packages/airflow/utils/log/logging_mixin.py", line 207, in flush
    self._propagate_log(buf)
  File "/home/airflow/.local/lib/python3.12/site-packages/airflow/utils/log/logging_mixin.py", line 188, in _propagate_log
    self.logger.log(self.level, remove_escape_codes(message))
  File "/usr/local/lib/python3.12/logging/__init__.py", line 1609, in log
    self._log(level, msg, args, **kwargs)
  File "/usr/local/lib/python3.12/logging/__init__.py", line 1684, in _log
    self.handle(record)
  File "/usr/local/lib/python3.12/logging/__init__.py", line 1700, in handle
    self.callHandlers(record)
  File "/usr/local/lib/python3.12/logging/__init__.py", line 1762, in callHandlers
    hdlr.handle(record)
  File "/usr/local/lib/python3.12/logging/__init__.py", line 1028, in handle
    self.emit(record)
  File "/home/airflow/.local/lib/python3.12/site-packages/airflow/utils/log/file_processor_handler.py", line 76, in emit
    self.handler.emit(record)
  File "/usr/local/lib/python3.12/logging/__init__.py", line 1280, in emit
    StreamHandler.emit(self, record)
  File "/usr/local/lib/python3.12/logging/__init__.py", line 1168, in emit
    self.handleError(record)
  File "/usr/local/lib/python3.12/logging/__init__.py", line 1081, in handleError
    sys.stderr.write('--- Logging error ---\n')
  File "/home/airflow/.local/lib/python3.12/site-packages/airflow/utils/log/logging_mixin.py", line 200, in write
    self.flush()
  File "/home/airflow/.local/lib/python3.12/site-packages/airflow/utils/log/logging_mixin.py", line 207, in flush
    self._propagate_log(buf)
  File "/home/airflow/.local/lib/python3.12/site-packages/airflow/utils/log/logging_mixin.py", line 188, in _propagate_log
    self.logger.log(self.level, remove_escape_codes(message))
  File "/usr/local/lib/python3.12/logging/__init__.py", line 1609, in log
    self._log(level, msg, args, **kwargs)
  File "/usr/local/lib/python3.12/logging/__init__.py", line 1684, in _log
    self.handle(record)
  File "/usr/local/lib/python3.12/logging/__init__.py", line 1700, in handle
    self.callHandlers(record)
  File "/usr/local/lib/python3.12/logging/__init__.py", line 1762, in callHandlers
    hdlr.handle(record)
  File "/usr/local/lib/python3.12/logging/__init__.py", line 1028, in handle
    self.emit(record)
  File "/home/airflow/.local/lib/python3.12/site-packages/airflow/utils/log/file_processor_handler.py", line 76, in emit
    self.handler.emit(record)
  File "/usr/local/lib/python3.12/logging/__init__.py", line 1280, in emit
    StreamHandler.emit(self, record)
  File "/usr/local/lib/python3.12/logging/__init__.py", line 1160, in emit
    msg = self.format(record)
          ^^^^^^^^^^^^^^^^^^^
  File "/usr/local/lib/python3.12/logging/__init__.py", line 999, in format
    return fmt.format(record)
           ^^^^^^^^^^^^^^^^^^
  File "/usr/local/lib/python3.12/logging/__init__.py", line 705, in format
    record.asctime = self.formatTime(record, self.datefmt)
                     ^^^^^^^^^^^^^^^^^^^^^^^^^^^^^^^^^^^^^
  File "/home/airflow/.local/lib/python3.12/site-packages/airflow/utils/log/timezone_aware.py", line 42, in formatTime
    dt = timezone.from_timestamp(record.created, tz="local")
         ^^^^^^^^^^^^^^^^^^^^^^^^^^^^^^^^^^^^^^^^^^^^^^^^^^^
  File "/home/airflow/.local/lib/python3.12/site-packages/airflow/utils/timezone.py", line 312, in from_timestamp
    result = coerce_datetime(dt.datetime.fromtimestamp(timestamp, tz=utc))
             ^^^^^^^^^^^^^^^^^^^^^^^^^^^^^^^^^^^^^^^^^^^^^^^^^^^^^^^^^^^^^
  File "/home/airflow/.local/lib/python3.12/site-packages/airflow/utils/timezone.py", line 233, in coerce_datetime
    return pendulum.instance(v if v.tzinfo else make_aware(v, tz))
           ^^^^^^^^^^^^^^^^^^^^^^^^^^^^^^^^^^^^^^^^^^^^^^^^^^^^^^^
  File "/home/airflow/.local/lib/python3.12/site-packages/pendulum/__init__.py", line 244, in instance
    return DateTime.instance(obj, tz=tz)
           ^^^^^^^^^^^^^^^^^^^^^^^^^^^^^
  File "/home/airflow/.local/lib/python3.12/site-packages/pendulum/datetime.py", line 135, in instance
    return cls.create(
           ^^^^^^^^^^^
  File "/home/airflow/.local/lib/python3.12/site-packages/pendulum/datetime.py", line 103, in create
    tz = pendulum._safe_timezone(tz)
         ^^^^^^^^^^^^^^^^^^^^^^^^^^^
RecursionError: maximum recursion depth exceeded
